7 -2.487414 -3.623551 -3.020216 -1.739164 -2.963388 -2.732579 37.695166 -4.281013 -2.294544 -3.261650 -1.267262 -2.961257 -3.473061 -3.590067
8 -0.215042 -0.024782 -0.518710 0.205311 0.036533 -0.377900 -0.391044 1.192414 0.326762 -0.436597 -1.212186 0.400540 -0.046457 1.061159
9 0.218363 -1.159243 0.296053 -1.190657 0.156913 -1.132886 -0.313788 -0.492910 3.850569 0.213762 -0.431502 -0.710653 0.386267 0.309712
1 15.930872 -1.086618 -1.794977 -1.314957 -1.461428 -1.272881 -1.469816 -0.849901 0.084316 -1.116323 -1.576177 -1.321316 -1.032048 -1.718745
6 0.510803 0.829855 -1.134295 0.584984 -0.017289 1.632509 -0.719712 -0.470083 -1.468127 -0.266326 -0.105070 -0.119719 -0.511642 1.254112
1 0.000000 0.000000 0.000000 0.000000 0.000000 0.000000 0.000000 0.000000 0.000000 0.000000 0.000000 0.000000 0.000000 0.000000
6 -0.664519 -0.036395 -0.276190 -0.737538 -0.033968 1.834516 0.615846 -0.044484 -0.866405 0.386896 -0.112986 -0.391560 0.283250 0.043535
2 -0.478493 0.788247 0.354151 0.679223 0.724823 -0.095957 0.491314 -1.113948 -0.233399 -0.713440 -0.015318 0.401286 0.184210 -0.972701
5 -2.493239 -1.296896 -1.861873 -1.417333 15.182948 0.975499 -1.051475 -1.078650 -1.393531 -1.928687 -0.993510 0.521278 -1.511299 -1.653232
5 0.682085 0.160874 0.099196 -1.644151 2.091083 0.366064 -0.856781 0.199214 -1.310027 0.176683 -0.398190 -0.109819 -0.713304 1.257072
14 0.431645 -0.643790 0.178712 -0.359788 -0.417143 -0.487864 0.338095 -0.678196 0.106594 0.615746 -0.344011 0.197843 0.379979 0.682178
3 0.411259 -1.151145 2.244050 1.153593 0.985696 0.230500 -0.858608 0.283520 -0.707952 -0.951198 -1.024986 -0.057231 -0.448378 -0.109121
3 -0.657764 0.055043 3.959870 -1.178675 -0.824914 0.462839 -0.793410 -0.099828 -0.434228 0.582301 -0.314852 -1.277627 -0.150273 0.671518
11 -0.803558 0.246843 0.187523 0.029126 0.697196 -0.698031 0.356696 0.100016 -0.393760 -0.777139 0.716323 0.369540 -0.249525 0.218750
1 28.712788 -2.116493 -2.190978 -2.324392 -2.156872 -2.410568 -2.996133 -2.299030 -2.212284 -2.258073 -2.173974 -2.241441 -2.193297 -1.139253
11 -1.590782 -1.284608 0.252308 -0.249188 -1.422582 -0.704640 -1.870520 -2.073656 -0.516562 -2.585140 14.623322 -1.689183 -0.261512 -0.627257
4 -0.358799 -1.233890 -0.191186 5.335690 -0.643400 -0.511898 -0.549555 0.628531 0.557474 -1.051921 -1.522014 -0.084094 -0.190855 -0.184083
12 -1.004636 -0.603812 0.981537 -0.274934 -0.177604 -0.211023 0.409863 -1.185757 -0.713311 -0.275502 0.424419 3.965389 -0.569519 -0.765110
4 -0.486524 -0.498873 1.088355 1.768840 -0.777373 -0.456336 -1.780021 0.246060 0.009662 0.673868 0.372305 0.501907 -0.465706 -0.196164
11 -0.899629 0.279902 -1.189862 -2.420803 -0.344625 -1.347009 -2.370254 -1.476847 -1.239449 -1.722541 14.906432 -0.645961 -0.760233 -0.769120
3 -0.309086 -0.565329 6.479519 0.074539 -0.145510 0.475161 -0.633614 0.048074 -0.480001 -1.281216 -0.902801 -0.872352 -0.873160 -1.014225
12 0.103411 -0.267903 0.587201 -0.554973 -0.011455 0.208285 -0.414545 -0.462950 -0.373462 0.206702 -0.989083 2.214826 0.002539 -0.248593
6 0.851281 -1.457334 0.145393 0.307757 -0.237685 1.390895 0.810422 -1.486012 -0.495212 -0.261000 0.337452 -0.286964 -0.351537 0.732545
4 -1.412985 0.633872 -0.176434 1.284649 0.479485 0.080718 -0.291154 -0.072272 -0.142662 0.564257 -0.389351 -1.018416 0.334208 0.126084
2 -0.389572 2.390505 -0.978676 0.087778 0.032704 0.156414 0.216587 0.832736 -0.688795 -0.801364 -0.587771 -0.421063 0.439265 -0.288748
8 -0.912050 0.119912 -0.019400 0.330725 -0.105637 0.542784 -0.507024 1.201902 -0.638480 -0.300927 -0.056916 -0.104122 -0.647086 1.096319
14 -0.680734 -0.291824 -0.509240 -0.716001 0.054940 1.034031 -0.167322 -0.510656 0.475387 -0.377014 -0.150151 0.201966 0.266391 1.370224
2 -0.757166 3.782240 -1.007516 -0.300449 0.380229 0.874669 -0.592739 -0.304334 0.008673 0.233131 -0.521705 -0.006081 -0.980707 -0.808245
1 30.711366 -2.191966 -2.804279 -2.774767 -2.605968 -1.035520 -2.299357 -2.222497 -3.836951 -1.973041 -0.593542 -2.993033 -2.803123 -2.577323
10 -0.409104 -0.672517 -0.956404 -0.819420 0.622157 0.179986 -0.460089 0.320811 -0.279989 1.085332 -0.391301 0.153786 0.670854 0.955898
2 -0.505198 1.794802 -0.337153 -0.369754 0.696901 -0.315963 0.047203 -0.343342 -0.273130 -0.388977 0.019288 -0.173259 0.004404 0.144178
1 0.383018 0.222482 -0.432460 0.028055 0.050845 -0.297957 0.378670 0.008064 -0.026437 -0.353777 0.077129 -0.002540 0.151313 -0.186405
14 0.236756 -1.069278 0.218406 -1.121803 -0.002731 0.603284 0.372309 -0.848040 -0.105134 0.342799 -0.742469 0.042046 0.412907 1.660948
14 0.198830 0.883351 -0.244510 -0.187268 0.434591 -0.073952 -0.383123 0.065882 -1.468950 -0.737535 0.072949 0.148436 0.019891 1.271407
7 -0.440724 -0.109928 -0.657829 -0.205658 0.399095 -0.174885 1.824754 -0.058276 -1.364187 0.174169 1.016051 -0.157051 -0.635582 0.390051
14 -0.549658 -2.941050 -1.401834 -0.444952 -0.676869 -1.190710 0.242330 1.464074 -2.248812 0.569194 -1.664660 0.081781 -1.123674 9.884840
4 -0.252990 0.608735 -0.138841 1.135286 -0.667958 -0.250266 0.122995 -0.108477 -0.222306 -0.359611 -0.475371 0.198976 0.804612 -0.394783
2 -1.912341 9.140040 -0.895140 -0.697406 -1.343460 -1.533049 0.927601 -1.603371 -1.342043 -1.038133 4.017134 -1.048809 -1.622920 -1.048103
2 -1.161582 8.535504 -0.387160 0.010467 -0.385975 -0.461042 -0.299866 -1.426736 -1.523852 -0.555174 -0.110210 -0.389127 -0.864041 -0.981204
4 -0.315670 0.278632 -0.117414 1.700142 0.257345 -0.714435 -0.668609 0.531696 -1.510559 -0.265037 -0.255681 -0.135602 -0.329848 1.545039
7 -0.285178 -0.897031 -0.526988 -0.799746 0.402175 -0.015748 2.098498 0.437354 -0.356347 -0.452183 0.082138 -0.245628 -0.172150 0.730834
3 0.665353 0.880445 2.087502 -1.145131 -0.582910 -0.647705 1.107123 0.473354 -1.972440 0.704486 1.119571 -0.737145 -0.470649 -1.481856
13 0.027932 -0.461298 0.226401 1.069735 -0.222396 -0.746065 -0.747122 -0.016349 -0.617225 -0.388288 -0.749827 -0.378168 3.230730 -0.228059
3 -1.561922 -1.667533 20.664083 -1.829518 -1.424679 -1.440888 -1.633196 -1.471960 -1.532516 -1.508041 -1.770357 -1.599079 -1.406296 -1.818095
13 -1.442668 -1.141167 0.049706 0.843637 -0.741216 0.247857 0.285736 0.224073 -0.347961 -0.303725 0.191719 0.364716 1.295865 0.473429
9 0.252989 -1.313393 -0.742431 -1.688878 -0.256832 1.160371 -0.451122 0.170528 1.246170 1.104694 0.645538 -0.393200 0.727965 -0.462400
6 0.145162 -0.573616 0.244693 -1.479691 0.403332 1.343677 -0.349632 -0.591231 0.093558 0.295882 0.059608 1.104136 -1.324849 0.628972
13 -0.992817 0.533009 0.362332 0.865100 -0.533010 0.554936 0.689768 -0.984392 -1.561121 0.460643 -0.309648 0.167865 1.055172 -0.307834
11 -0.743106 0.578344 0.220336 -0.171656 -0.216153 -0.049335 -0.244251 -0.735139 0.223295 -0.532627 2.405958 -0.371858 -0.498326 0.134516
1 1.325042 -0.268171 -0.384162 -0.954120 0.148800 -0.058654 -0.282252 0.490300 -0.349544 -0.039355 0.233043 0.322727 0.952366 -1.136022
14 -0.179580 -0.773319 -0.006729 -0.781505 1.496949 -0.051313 -0.516938 -1.111735 -0.701503 -0.372788 -0.741691 -0.170474 -0.189174 4.099800
6 0.446572 -0.861920 0.779956 -0.626807 -0.112833 1.199032 -0.007978 -1.181783 -1.248795 0.224565 -0.683827 0.372399 1.196087 0.505331
14 -0.010792 -0.833563 0.225904 -0.547841 0.082516 0.407706 -0.403638 -0.569062 -0.629763 0.116363 -0.418016 -0.326674 -0.693818 3.600678
11 -1.583305 -1.337137 -2.334135 -3.021840 -1.010207 -2.391062 -4.451814 -3.162079 -1.187264 -2.130227 29.222639 -1.420057 -2.797487 -2.396028
14 0.211552 0.284001 -0.532888 -0.073596 0.183195 -0.061017 0.288453 -0.948480 0.287972 -0.275973 -0.226694 0.116275 -0.550223 1.297424
6 -0.390688 0.594838 -0.283519 -0.160726 -0.601144 3.712273 -0.603993 -0.083690 -0.505205 -0.406372 -0.491157 -0.350299 -0.565434 0.135116
4 -3.365951 -3.949117 -2.940412 44.905587 -3.483520 -3.497237 -3.453945 -2.821530 -3.447243 -3.598909 -3.711816 -3.255158 -3.316303 -4.064447
4 -3.720226 -3.816979 -3.127009 43.739782 -2.907236 -3.722882 -3.291957 -3.029593 -3.419688 -2.957988 -3.560844 -3.316488 -3.738603 -3.130288
4 -1.028774 -0.539087 -2.234761 25.044791 -2.056862 -1.531791 -1.506335 -0.252622 -3.749915 -2.541522 -1.572072 -2.369084 -2.906462 -2.755506
7 -3.229387 0.486502 -3.149167 -4.154222 -3.669720 -2.302630 39.976116 -3.585379 -3.082498 -2.691938 -4.615181 -3.885916 -3.778284 -2.318296
7 -4.711367 -3.928300 -3.830731 -4.183748 -3.844022 -4.812783 50.256067 -3.624843 -3.811997 -3.645618 -2.776704 -4.143982 -3.496275 -3.445699
3 0.327595 -0.083865 1.272104 -0.631351 -0.375465 -0.053263 0.673738 -0.932590 -0.727097 0.304085 -0.132367 0.564317 0.003427 -0.209268
7 -5.053675 -3.488252 -5.065381 -5.762168 -4.110052 -5.466557 62.571523 -4.998763 -4.933471 -5.106889 -4.091466 -5.003773 -4.664123 -4.826955
7 -2.888614 -3.088475 -2.853006 -3.046238 -3.199440 -3.237014 39.064638 -3.120478 -2.764302 -3.041698 -3.519078 -2.980779 -2.764356 -2.561161
6 -1.157600 -0.412058 -0.452465 -0.408932 -0.873692 9.072763 0.050515 -0.661336 -1.506536 -0.746251 -0.531626 -0.664294 -1.107864 -0.600624
3 -0.613844 0.291089 0.482172 0.473718 -0.232096 -0.171576 0.003185 -0.015280 0.015585 0.258408 0.218144 -0.237073 -0.391582 -0.080849
3 -0.761879 -0.474697 3.538829 -1.195660 -0.279154 -0.271535 0.066939 -1.151800 -0.797394 1.550112 0.117698 0.998542 -1.166685 -0.173316
8 -0.381159 -0.307475 0.601522 -0.025286 0.238701 -0.163548 -0.549777 1.230016 -0.332969 -0.867465 -0.058155 -0.101056 0.583241 0.133409
2 -1.090548 1.712043 -0.498084 0.299126 0.939149 -0.077096 0.008022 1.686576 -1.943755 0.240153 0.193900 -0.812296 -0.269611 -0.387577
6 0.506249 -1.340615 0.628216 -0.374171 -0.729835 2.752234 -0.961252 -0.896531 0.728530 -0.101820 -1.257021 -0.030643 1.448959 -0.372300
4 -3.547428 -3.444080 -3.789884 46.754671 -3.948989 -3.484447 -2.857674 -2.552740 -3.554242 -3.788168 -4.255089 -3.792943 -3.407244 -4.331742
4 -3.837526 -4.712372 -2.201448 42.297666 -2.810322 -3.681213 -3.194252 -2.927443 -3.384552 -1.693857 -3.489969 -3.465234 -3.175244 -3.724235
4 -3.968223 -3.693817 -2.873413 43.075887 -3.541897 -3.007296 -3.108702 -3.972282 -2.950455 -3.310285 -3.509452 -2.964388 -3.437916 -2.737761
13 0.644385 0.063932 -0.100088 -0.426671 0.011536 -0.297549 -0.734390 -0.057283 -0.000661 -0.160545 0.059521 -0.005244 0.855139 0.147917
7 -0.477735 -0.171119 -0.321805 -0.446007 -0.225370 -0.356768 2.609689 0.150438 -0.376523 -0.059794 0.437281 -0.395955 -0.290365 -0.075967
2 0.331135 0.663279 -0.489782 -0.330026 0.406902 0.342134 -0.521517 -0.220456 0.322131 -0.772457 0.356232 -0.563481 0.125745 0.350161
4 -4.091898 -2.832382 -2.891166 42.583146 -3.533790 -2.980084 -3.321208 -2.280358 -4.499837 -3.756408 -2.035719 -4.247897 -2.698594 -3.413804
5 -1.447076 -0.888705 -0.847129 -0.645220 16.144769 -2.454360 -1.321826 -1.121922 -2.277508 -1.093943 -0.856334 -0.891086 -1.409453 -0.890206
13 -0.882632 -0.148657 -0.265122 -0.269792 0.194134 0.780957 -0.276299 -1.646135 -0.072893 0.287745 0.924879 -0.860996 2.266229 -0.031418
7 0.120007 0.210033 -0.100693 0.082543 -0.006323 -0.204098 0.305579 -0.110257 0.173661 -0.456816 -0.003077 0.142775 0.162119 -0.315453
11 -1.313260 -2.122526 -0.151834 -2.308821 -1.135434 -0.963157 -1.320464 -1.362904 -1.057881 -1.854848 17.482745 -0.658622 -1.230124 -2.002871
11 -2.760322 -1.681273 -1.444229 -1.911941 -2.174089 -1.489476 -2.065970 -1.997612 -2.757022 -2.485943 27.717292 -1.723124 -2.573519 -2.652771
11 -0.129651 1.219147 -1.315394 0.642416 0.481180 1.143935 -0.883579 -0.019755 -2.648221 -0.541239 2.727898 -0.251519 -0.721579 0.296360
6 -0.093114 -0.114806 0.814123 -2.914862 0.789555 2.889727 -0.575684 -0.731383 -0.552878 2.125051 -0.857415 -0.236360 -0.358672 -0.183279
1 28.254427 -1.287906 -2.232590 -2.710230 -1.465869 -3.793010 -2.472303 -2.153176 -2.946619 -2.500807 -1.326473 -2.555851 -1.154968 -1.654625
13 -0.715765 -0.332477 1.319735 0.075103 -0.790957 -1.056585 0.014563 -0.632971 -1.223905 -0.651383 -0.076594 -0.702873 3.881393 0.892715
3 -1.193778 -0.751256 1.845079 0.864893 -0.096578 -0.405357 -1.377610 -0.479945 0.626043 1.353834 -1.266353 0.371104 0.338907 0.171019
4 -3.281134 -3.322791 -3.275739 42.891259 -3.251589 -3.619026 -3.192289 -2.864326 -3.634220 -3.204171 -3.244316 -3.305270 -3.115818 -3.580571
4 -2.292909 -0.347749 -3.845380 42.601247 -2.476748 -2.632752 -3.872258 -2.988467 -6.272183 -4.371409 -2.908345 -3.030074 -3.770287 -3.792686
2 -0.868566 2.708251 0.945202 -0.913716 -0.184138 -0.413755 -0.498795 -0.166377 -0.878591 -0.697148 0.267512 -0.475404 0.249780 0.925744
12 -0.736178 -0.662968 0.376432 0.328644 0.060386 -0.079481 -0.305829 -0.386490 -0.069207 -0.128711 0.015309 1.180817 -0.062031 0.469307
1 0.000000 0.000000 0.000000 0.000000 0.000000 0.000000 0.000000 0.000000 0.000000 0.000000 0.000000 0.000000 0.000000 0.000000
2 -2.402868 11.137269 -0.385299 -0.520045 -0.602484 -0.615159 -0.538214 -0.752933 -1.877476 -1.015351 -0.387225 -0.634051 -0.932267 -0.473896
3 -0.497989 -0.405867 1.281356 -0.465863 0.371963 0.106358 -0.859748 -0.329363 -1.181595 0.503574 0.818126 -0.029410 0.888793 -0.200334
1 28.376184 -2.350775 -1.505508 -1.213573 -2.528399 -1.890278 -1.637652 -2.487915 -2.199423 -2.576291 -2.150663 -3.327314 -1.994697 -2.513696
7 -4.973978 -4.275213 -4.479189 -4.501892 -4.574267 -4.989356 60.777060 -5.031823 -5.554304 -4.578810 -3.559574 -4.474902 -4.912587 -4.871166
6 -1.478601 -1.455114 -1.305092 -2.116815 -1.593994 19.163990 -1.671734 -1.654284 -1.481394 -1.625074 -0.976004 -1.617343 -0.801122 -1.387417
14 0.400252 -0.733927 -0.501244 0.135072 -0.221054 0.221315 0.360430 0.099821 -0.426155 0.078910 0.153515 -0.134985 0.096942 0.471107
5 -0.712873 -0.239886 0.122116 -1.847123 1.535878 1.523179 -2.673587 -0.105476 -0.203488 1.338212 0.014904 -0.028698 0.992334 0.284507
1 1.847341 -0.508071 -0.750081 -0.897126 -0.001508 -0.316492 -0.401096 -0.108234 -0.250519 0.837077 -0.596173 0.076520 -0.156653 1.225013
4 -0.309387 -0.259561 0.334848 1.271874 -0.031698 -0.505198 0.277267 -0.284371 -0.741656 -0.283163 -0.044144 0.287635 -0.377523 0.665078
14 0.144501 -0.888251 -0.383791 -2.217663 0.338743 -0.387241 -0.455306 -0.284874 1.646286 0.685962 -0.349100 0.213336 0.122328 1.815069
1 2.610252 0.720513 -0.581810 -0.182895 0.605564 0.097374 -0.718438 -0.547707 -0.666451 -0.725338 -0.482310 0.235156 0.539110 -0.903018
6 -0.298674 -0.619165 -0.025044 -0.944994 1.918332 2.035626 -0.299882 0.214841 -0.515857 0.333679 -0.768226 -0.478437 -0.100004 -0.452195
7 -3.319422 -2.671345 -1.737381 -2.913874 -3.416352 -3.106582 37.840272 -2.548196 -3.293079 -3.308140 -2.935259 -3.216819 -2.443920 -2.929905
1 0.000000 0.000000 0.000000 0.000000 0.000000 0.000000 0.000000 0.000000 0.000000 0.000000 0.000000 0.000000 0.000000 0.000000
11 -0.479502 0.765655 -0.341752 -0.633880 -0.055117 0.207667 -1.324594 -0.340764 -0.842962 -1.169405 5.636397 -0.442341 -0.676936 -0.302464
10 -0.195764 -1.145848 0.327995 -0.395719 0.008579 -0.882636 -0.791681 -0.085114 -0.034842 4.087130 -0.196707 -0.238639 -0.283115 -0.173638
11 -0.656962 0.276843 -0.549075 -1.153632 -0.137813 -0.130612 0.562347 -0.476879 0.516673 -0.318915 1.101445 0.524651 -0.082793 0.524721
13 -0.415576 -0.510026 1.900979 -0.441036 -0.256466 -0.162990 -0.369736 -0.172436 -0.477661 -0.096659 -0.145880 -0.455733 2.020701 -0.417483
2 5.973908 10.291947 -2.052501 -1.919262 -1.391544 -1.226536 -1.674984 -0.961110 -1.118019 -1.842301 0.548645 -1.792391 -1.558005 -1.277846
6 -0.265788 -0.034141 -0.080391 -0.123920 -0.033793 0.306914 -0.114390 0.242227 -0.096783 -0.105840 -0.075353 0.229738 0.272346 -0.120825
2 -0.449998 9.130748 -1.318857 0.225901 -0.072900 -0.501756 -1.027328 0.190952 -1.207977 -1.406141 -0.829520 -1.601216 -0.533796 -0.598112
14 -0.468991 -0.298967 0.503820 0.383509 0.206582 -0.363585 -0.046631 -0.185793 -0.074675 -0.135218 0.181045 0.038962 -0.342290 0.602233
4 -2.546978 -3.603451 -3.723030 41.019966 -3.142278 -0.989721 -4.359393 -3.672495 -3.167985 -3.270071 -3.985207 -2.621274 -2.377832 -3.560250
1 47.409962 -4.035253 -3.645713 -3.534956 -3.607070 -3.717407 -3.663409 -3.700137 -3.230703 -3.685206 -3.240278 -3.819471 -3.758809 -3.771548
1 45.463736 -2.425744 -3.339798 -3.539307 -3.256829 -3.131912 -4.716347 -3.249975 -3.793623 -3.097618 -3.291725 -4.264953 -3.742311 -3.613592
1 29.700023 -1.864750 -1.675036 -1.956893 -2.440911 -2.825828 -1.744074 -1.841057 -2.732702 -2.163652 -2.198854 -2.561851 -3.045298 -2.649119
13 -0.738150 0.325519 0.715711 -1.767412 -1.111671 -1.132004 -1.217065 0.391236 1.492863 1.043859 0.827212 -1.865114 2.064648 0.970367
4 -3.954448 -3.513762 -3.179855 47.568922 -4.242880 -2.950077 -3.967088 -3.428332 -3.779589 -3.697950 -4.312058 -3.388148 -4.161783 -2.992952
13 -0.988940 -0.720534 0.040544 -1.057681 -0.118737 1.053688 1.296210 -1.360975 0.111492 -0.411626 -0.267522 -0.248854 1.480383 1.192552
2 -0.684519 9.926805 -0.383322 -1.822057 -1.086271 -1.305198 -0.030835 -0.620523 -0.385678 -0.516083 -0.306231 -0.877708 -0.166371 -1.742008
1 2.908580 -0.467551 -0.341663 0.464149 -0.314099 -0.342615 0.055312 -0.222397 -0.504413 -0.307082 -0.432532 0.097566 -0.265805 -0.327451
10 1.467490 -0.459067 0.005663 -1.477790 -0.732362 -0.407184 1.988101 -0.177523 -0.951731 2.714179 -0.591236 -1.038690 -0.144636 -0.195216
13 -0.480779 -0.761377 0.069158 1.330537 0.225488 -1.329242 -1.022349 0.040277 0.808011 -0.753471 -0.138536 -0.517133 1.561329 0.968090
2 0.196220 1.035119 -0.535965 -1.043816 -0.169675 -0.330676 -0.082087 0.140125 0.266855 -0.790258 -0.263330 0.989776 0.645713 -0.058000
9 -0.845437 -0.672154 0.199895 -1.152108 0.339122 0.041390 -0.598971 0.350853 2.639178 -0.037262 -0.465505 -0.819592 0.744086 0.276503
3 1.723354 -0.012947 3.267821 -1.118824 1.807183 0.568137 0.680914 -0.460939 -2.501261 -0.835778 -0.235565 -1.148188 -0.716067 -1.017839
4 -3.405074 -3.473731 -3.368460 44.191975 -3.378872 -3.522020 -3.569529 -2.673195 -3.973921 -3.321736 -2.788976 -3.602763 -3.402378 -3.711320
4 -3.276050 -3.339542 -3.009609 43.393595 -3.431759 -3.405277 -2.869139 -3.418664 -2.477137 -3.679447 -3.930758 -2.781287 -3.578278 -4.196647
4 -3.111275 -3.893876 -3.371544 48.313406 -4.406818 -4.013768 -4.072017 -3.693457 -4.002523 -3.151849 -3.874948 -3.433228 -4.089218 -3.198884
4 -1.831472 -1.558307 -1.656963 23.370164 -1.893118 -1.929568 -1.591482 -1.627787 -2.578163 -1.677836 -1.278112 -1.755122 -2.125953 -1.866281
4 0.833845 -0.558240 -0.502291 2.757357 -0.436988 -0.277200 -0.252589 0.677080 1.169902 -0.457636 -1.669192 0.016092 -0.616989 -0.683152
1 27.937746 -2.525170 -2.343311 -2.863996 -2.079600 -1.876244 -2.611756 -2.547278 -1.747600 -0.743680 -2.318022 -1.702590 -2.450378 -2.128121
7 -1.261515 0.282788 0.520190 -1.901125 -0.239319 -0.272658 4.446580 -1.072866 -0.482148 -0.088677 0.378523 0.320278 -0.423844 -0.206209
14 0.152477 -0.835163 -0.419029 -1.002946 -0.323078 -0.200831 0.007738 0.651770 -0.358692 1.207421 -0.399452 -0.020744 0.141527 1.399002
1 29.986421 -2.210238 -2.202653 -2.236015 -2.259651 -3.270984 -2.991906 -2.184987 -2.194457 -2.536706 -2.257894 -2.129592 -0.918211 -2.593127
1 30.287352 -2.045931 -2.670534 0.142389 -2.843861 -3.216837 -1.860361 -3.172920 -2.697531 -2.391764 -2.295436 -2.093272 -2.352173 -2.789119
3 0.163954 -1.714521 3.387469 -0.089485 0.207412 -1.052701 -0.162098 -0.008251 -0.561877 -0.878899 0.109956 0.875454 0.501649 -0.778062
3 -1.694669 -0.854584 4.356242 -0.835812 -0.244336 0.487825 0.000221 -0.072090 -0.718210 0.375866 -1.312869 -0.433850 1.241172 -0.294903
1 17.154773 -1.494473 -1.291575 -1.538160 -1.587741 -1.169436 -1.409569 0.091416 -0.223619 -2.508225 -1.607390 -1.511997 -1.805753 -1.098250
3 -1.493855 -1.030855 20.627405 -2.103696 -1.237750 -1.276284 -1.275761 -1.208408 -2.076537 -1.451858 -1.105174 -1.882826 -2.468268 -2.016134
14 -0.154948 -1.106384 -0.429281 -1.632546 -0.095728 0.562960 -0.500101 -0.181712 0.273741 0.943834 0.345423 -0.152291 0.129192 1.997839
14 -1.144243 -1.337128 0.376754 -0.809568 -0.151075 0.339701 0.374402 -0.710514 -1.733308 0.289449 1.150624 -0.399338 -0.802493 4.556738
8 -0.813427 -0.662977 -0.431688 1.244570 -1.002733 -0.733517 1.722731 3.377236 -0.849944 1.031539 -0.786368 -0.794101 -0.514728 -0.786592
3 0.002271 -1.317270 4.425751 1.995919 -0.285239 0.259813 -1.346287 -0.830481 -0.091118 -1.892011 -1.466069 -0.165378 -0.862787 1.572887
6 -0.958986 -1.156416 -0.762106 -1.284784 -1.067916 6.985941 3.479832 -1.249204 -0.453757 -0.849416 -0.522223 -0.608390 -0.707434 -0.845141
9 -0.966901 -1.724337 1.051784 -1.640597 0.496765 1.217171 -1.555557 -1.359052 1.722280 0.348079 1.617606 1.012349 -0.171647 -0.047941
3 -0.894133 -0.889852 15.483292 -2.712326 -1.970550 -0.867844 -1.159682 -2.452058 -0.149321 -0.140728 -0.942741 -0.293134 -1.631316 -1.379608
12 0.332244 0.192087 -0.566403 -0.194480 0.047256 0.240383 -0.076147 -0.219101 -0.306175 0.060868 -0.053275 0.394161 0.009422 0.139160
7 -0.634295 -1.236648 -0.342977 -0.346542 0.160147 -0.235929 2.219894 0.314542 -0.280159 0.150148 0.838606 -0.284938 -0.795304 0.473455
11 0.052939 -0.331733 -0.361162 -0.290336 -0.824531 -0.379151 0.981375 -0.642727 -0.054184 0.631363 1.002529 -0.672415 0.412755 0.475278
11 -3.332381 -0.781958 -2.574901 -1.355301 -1.334859 -2.754404 -1.001639 -2.211509 -3.018730 -2.735774 27.885981 -2.515730 -2.435931 -1.832865
2 -0.101010 1.551949 -0.753902 0.864783 0.149106 0.480419 -0.989048 -0.251259 -1.878128 -0.725471 1.528221 -0.095210 -0.181262 0.400813
1 30.864579 -2.193691 -1.408142 -2.582769 -2.608642 -2.676035 -2.720897 -2.511453 -3.037303 -2.640605 -2.138231 -2.251269 -1.759443 -2.336100
5 -1.001271 0.119588 -0.259548 0.702204 3.355924 0.249663 -0.456003 -0.714586 -0.567029 -0.620838 -0.380581 0.581636 -0.618948 -0.390211
4 -3.366030 -3.326467 -4.170458 45.137021 -2.745134 -3.769594 -3.217980 -3.208061 -4.436050 -2.987262 -3.855740 -2.601667 -4.247987 -3.204590
7 -4.085810 -4.033810 -3.566897 -3.808800 -3.452404 -3.759556 50.574218 -4.227172 -4.107163 -3.443909 -5.521883 -3.636424 -3.580861 -3.349531
10 -0.394038 -0.259302 1.656910 -1.509965 0.177909 -0.021953 0.475574 0.357953 -0.554368 1.937657 0.392325 -0.547443 -2.087815 0.376557
5 -2.342285 0.213396 -0.587462 -0.089875 7.013570 0.809551 -0.198657 -0.424240 -1.401857 -0.475542 -0.716184 -0.676787 -0.669659 -0.453967
4 -3.627580 -4.052187 -3.757082 44.357065 -3.634177 -3.059676 -3.448870 -2.643736 -3.625330 -3.135988 -3.464410 -3.085187 -3.012306 -3.810536
6 -1.949504 -1.944111 -2.153982 -2.132786 -2.388911 26.889212 -2.058594 -2.332048 -1.879857 -2.000363 -2.270852 -1.911583 -1.973977 -1.892644
8 -0.082888 -0.178708 -1.019894 0.593914 -0.134266 0.804211 -0.339369 1.241289 -0.114530 -0.634515 -0.130176 0.757253 -0.456413 -0.305906
6 -1.639964 -1.504943 -1.477028 -1.499842 -1.658207 21.341916 -1.574127 -2.054049 -1.650118 -1.443447 -1.317530 -1.554767 -1.538596 -2.429297
7 0.366201 -0.602960 -0.241568 -0.126896 -0.663459 0.181937 0.772694 -0.403592 0.547054 -0.223667 -0.583240 0.693849 -0.486825 0.770469
1 0.954935 0.068732 0.836166 -0.614355 -0.021003 -0.502451 0.631467 -0.195199 0.564870 0.555304 -0.000214 -0.822778 -1.101580 -0.353896
13 -0.293268 -0.543954 0.109143 -1.636325 -0.268698 -0.946566 -0.577834 -1.149896 1.808047 -0.774534 -0.822681 -0.296833 5.078157 0.315242
13 0.921931 0.259803 0.086615 -0.483497 -0.300082 -0.780928 -0.095985 -0.457505 -0.192978 0.114571 -0.574695 0.137401 1.528412 -0.163062
13 -0.175077 -1.214730 -0.164707 -0.435603 0.328324 0.204738 -0.535199 -0.165271 0.332060 -0.105725 0.668043 -0.129375 1.192798 0.199724
9 -1.117275 -0.695847 -0.809624 -0.722119 1.151062 0.345254 0.853913 -0.238227 1.836230 -0.206275 -0.100355 -0.282003 -0.085200 0.070465
12 0.254358 -0.881469 -0.413428 1.612348 -0.268174 -0.242732 -0.333055 0.336814 -0.321743 0.130934 -1.197105 1.753947 0.208254 -0.638948
4 -3.798161 -3.755652 -3.019946 42.770947 -3.386587 -3.824731 -3.117069 -2.028835 -3.380918 -3.417217 -3.560341 -2.799720 -3.610562 -3.071208
14 0.507303 -0.455165 0.396152 -0.539532 -0.175337 0.241022 -0.308808 -0.216524 -0.438055 0.157534 -0.218363 0.336452 -0.121662 0.834983
4 -2.967707 -2.011795 -2.175092 30.720773 -1.771297 -3.039123 -2.779914 -1.936844 -3.318269 -1.756731 -1.980043 -3.039239 -2.326184 -1.618537
4 -4.469241 -4.238500 -3.872947 49.719878 -3.501030 -3.884797 -2.420083 -3.852058 -4.116755 -3.559340 -3.480566 -4.288398 -3.977932 -4.058231
3 -1.948007 -0.502153 21.613955 -2.704458 -2.268047 0.218217 -0.671860 -1.114292 -1.460343 -2.981602 -1.784170 -1.641261 -1.327495 -3.428482
3 1.293912 -0.037264 2.957052 0.949026 -0.538658 -1.005564 -0.377421 -0.297166 -1.519821 0.323361 0.505800 -1.290837 -0.353615 -0.608805
13 0.614564 -0.532340 -0.790521 -0.515440 -0.920304 0.608919 -0.618866 -0.027574 -0.504955 0.483473 0.479601 0.812512 1.957168 -1.046237
11 -0.035121 -0.649167 -0.747096 1.037811 0.256701 0.505788 -1.169722 -0.949782 -1.001864 1.056528 1.104605 -0.308144 0.763449 0.136012
13 -0.439600 -0.136291 0.209431 -0.120069 -0.235905 -0.268319 0.468154 -0.221964 -0.431130 -0.021567 0.217428 -0.312794 1.226775 0.065853
14 -0.471149 -0.027846 0.977593 0.026333 -0.371914 -0.099182 -0.092667 -0.263673 -0.680911 -0.024812 0.178828 -0.377450 -0.252069 1.478918
5 -1.112026 1.168455 0.103066 -0.124367 1.665078 0.910005 1.094272 -0.270565 -2.008417 -1.200034 1.021237 0.113775 -1.041719 -0.318761
7 0.358828 -1.343181 0.101842 0.365862 -0.412594 0.067941 0.597082 -0.203778 -0.145062 0.312868 -0.246530 -0.126623 0.292702 0.380641
6 1.423554 -0.789703 -0.051117 -1.208163 -0.181027 2.711079 -0.084975 -0.807532 0.080645 -0.351553 -1.035970 -0.606130 0.677913 0.222977
4 -3.819136 -3.255913 -3.854056 45.859158 -2.734791 -3.241581 -3.480271 -2.108872 -2.948417 -4.386992 -4.221146 -3.882979 -4.209791 -3.715213
4 -3.294637 -3.160180 -2.844136 42.999507 -3.170912 -3.630930 -3.211245 -2.361011 -3.967917 -2.902272 -3.592038 -3.644976 -3.619164 -3.600090
1 2.138260 -0.658525 -0.311319 0.080474 -0.347404 -0.520238 -0.044858 -0.046613 -0.249803 -0.057421 -0.273588 0.100091 -0.172700 0.363644
12 1.227059 1.120498 -1.200231 -0.702381 0.200858 1.098534 -1.160571 -0.813251 -1.441535 -0.032923 -0.206467 2.374439 0.312486 -0.776516
1 18.391522 -1.023105 -1.050804 -1.173336 -1.404599 -1.729978 -1.331811 -1.578478 -1.071463 -1.657445 -1.315906 -1.589579 -2.021564 -1.443454
1 1.738276 -1.260309 0.479514 -1.028224 1.109147 -0.833456 -0.221251 -0.587181 1.168978 -0.262435 -0.798154 0.724319 0.017233 -0.246457
2 0.272481 1.597873 -0.811063 1.000287 0.156723 0.811351 -0.661628 -0.879831 -2.176692 1.138578 0.121330 -0.062344 -0.853799 0.346736
4 -2.532409 -2.314865 -2.051249 27.414912 -1.913994 -2.618144 -1.826872 -1.936507 -0.860184 -2.024811 -2.700465 -1.500529 -3.557766 -1.577118
13 -0.652920 -0.051796 -0.241066 0.860232 0.834676 -0.580149 -0.140134 -0.215685 -0.540027 -0.259817 -0.101235 0.568303 0.962563 -0.442944
4 -3.875765 -4.374792 -3.091799 45.043274 -2.741713 -3.365553 -3.596234 -2.815600 -3.749123 -3.290823 -3.651719 -2.961828 -4.002877 -3.525449
14 0.545543 -1.305617 0.036829 -1.344053 0.012965 -0.163705 -0.383986 -0.861101 -0.035835 -0.004561 -0.362516 -0.305498 -0.160040 4.331576
6 -0.279739 0.044970 -0.009012 0.472223 0.823716 0.917528 -0.029002 -0.218253 -0.321370 0.039528 -0.534443 -0.133615 -0.565887 -0.206645
6 -0.257491 -0.207590 -0.330825 -0.089935 0.072350 0.403749 0.230852 0.233475 0.108921 0.175987 -0.206881 0.027008 -0.136559 -0.023062
4 -3.046462 -3.620462 -4.193414 42.700566 -4.012284 -2.423989 -1.399502 -2.782307 -3.425921 -3.378874 -3.413438 -2.571588 -3.910260 -4.522065
10 -0.399239 -1.163784 1.303040 -2.098368 -1.356377 -1.162945 0.188494 -1.998286 0.397868 3.889834 0.151348 2.658224 -1.542237 1.132426
14 -0.556307 -0.352242 0.998923 0.426440 0.402299 0.066824 -1.136184 -0.439819 0.443158 0.309079 0.116358 -0.674414 -0.660626 1.056510
6 -1.427684 -1.014828 -0.749886 -0.753827 -0.934713 9.141804 -0.830266 -1.210303 -1.002089 0.044700 -0.061103 0.243860 -0.448224 -0.997442
6 -0.019738 0.307875 -0.417849 -0.614235 0.296507 1.260813 -0.231935 -0.352005 -0.218569 -0.163077 0.115023 0.861004 -0.385986 -0.437830
4 -0.104143 -0.051459 0.255355 0.590387 0.233156 0.506615 -0.170542 -0.879398 -0.222724 0.191068 -0.205068 -0.200233 0.353126 -0.296140
4 -4.776428 -3.883645 -3.788779 44.794152 -4.359892 0.207431 -3.909912 -2.973137 -4.210436 -3.856650 -3.874933 -3.256788 -2.110732 -4.000250
10 -1.411717 -0.703513 -0.030607 -0.402117 -0.716145 -1.780850 -1.157012 -0.260324 -0.302122 8.179483 -0.194280 -1.091442 0.619201 -0.748556
8 -1.134198 1.728351 -0.647276 0.190375 -0.158479 -0.337649 -1.507911 3.299591 -0.588171 2.005196 -1.003280 -0.777541 -0.823458 -0.245550
8 -1.122570 -0.357235 0.603594 0.793693 -0.034508 -0.560423 -1.286609 5.138132 -0.557251 -0.528244 -0.821033 -0.582188 -0.473461 -0.211897
1 27.810449 -3.035926 -2.208320 -2.310385 -0.281018 -4.080967 -2.984599 -3.108849 -0.394616 -2.417132 -1.581732 -3.003038 -0.168500 -2.235367
4 -1.943583 -0.437655 -1.625247 23.218433 -1.623396 -2.164408 -2.382512 -0.711784 -3.019192 -2.257726 -1.973647 -1.457790 -1.742415 -1.879079
13 -0.109494 -0.062463 0.004373 -0.803397 0.405201 -0.580170 -0.749063 -0.074767 -0.316700 0.958646 -0.440461 -0.728649 1.668064 0.828879
11 -0.594144 -0.022570 -1.247050 -0.636948 -0.435023 -1.157522 -2.157463 -1.865479 -2.110167 -1.307296 16.535405 -1.011464 -1.078952 -2.911326
7 -0.656673 0.399068 0.411286 0.361519 -0.275410 0.007075 0.536396 -0.109824 -1.416983 0.116059 0.356853 0.136904 -0.380773 0.514503
8 0.007969 -1.404757 -0.010713 0.917068 -0.026078 0.264565 -0.916047 1.890717 0.808276 0.749194 -1.983944 0.132742 -0.307381 -0.121611
5 -0.523928 -1.350198 0.039698 -0.795771 2.548464 0.170740 -0.103461 1.169011 -0.058471 -0.388422 -0.205358 0.118587 -0.419692 -0.201198
1 0.543125 0.316214 0.022182 -0.553659 0.155369 -0.276853 -0.168112 0.338862 0.292977 -0.270462 -0.539659 -0.004585 0.474355 -0.329753
4 -0.281004 -1.515481 -0.423957 2.895003 1.228036 0.506214 -0.983219 0.178464 0.189961 -0.744022 -0.521043 0.988170 -0.658519 -0.858603
1 1.663002 0.020121 0.179801 -0.664254 -0.002344 -0.791437 -0.176308 -0.476296 -0.397883 1.189035 -0.943811 -0.409171 1.106136 -0.296591
4 -3.290826 -3.712468 -2.788186 43.949083 -3.360149 -3.985868 -3.260839 -2.458536 -3.610530 -3.682539 -3.962392 -3.079122 -3.056219 -3.701409
8 -0.555617 -0.979973 -0.001565 -0.195484 0.780496 -0.627769 0.758087 1.043584 -0.783586 0.278227 -0.162619 0.097259 0.039311 0.309651
13 -0.271750 0.946313 -0.099159 -0.826247 -0.495666 0.018109 -1.199514 -0.428055 0.666939 1.408779 -0.877174 -0.702777 2.120098 -0.259895
1 2.896998 -1.672474 -0.118409 -0.705412 0.158574 -0.851022 -0.330943 -1.605174 -0.962600 1.872721 -1.509540 1.667626 -0.834536 1.994191
6 -0.105835 0.181260 -0.738819 -0.033397 0.405047 4.077213 -0.401501 -0.287473 -0.456550 -1.104895 -0.497012 -1.184231 -0.188430 0.334623
3 -0.344519 -1.895707 2.180708 -1.991552 0.101491 0.007865 0.266252 -0.416243 0.020475 0.293686 0.497529 0.482383 0.450933 0.346698
5 -0.417286 0.196448 -0.183764 -0.714747 2.434350 -0.997403 -0.484022 2.089280 -0.130177 -0.204697 -0.789804 0.001909 -0.412281 -0.387808
8 -0.999440 -0.760567 -0.297947 0.932952 -0.577564 0.863116 -0.526626 5.199769 -0.907684 -0.955174 -0.768679 -0.298132 -0.694984 -0.209041
3 -0.484327 0.283871 0.688020 -0.598364 -0.025752 -0.315220 -0.195945 -0.305037 0.248284 0.534128 -0.490056 0.000854 0.246968 0.412576
2 -0.424379 1.174726 0.772288 -0.595554 0.226163 -0.605366 0.393283 -0.151544 -0.571171 0.720947 0.437813 0.043767 -1.140996 -0.279976
6 1.327490 -0.435969 -1.335633 -0.150546 1.220917 3.620453 -0.800492 -0.310669 -0.792147 -0.986172 -0.872943 0.213216 0.045247 -0.742753
13 -0.620083 -0.425366 -0.348685 0.407282 1.146545 -1.662976 -0.024376 1.129336 -0.224206 -0.792957 0.655637 0.158659 1.197716 -0.596525
3 -0.542274 -0.858030 2.496047 1.048064 0.389568 -0.631891 -0.823072 0.455715 -0.334478 0.515075 -1.145133 -0.457179 0.241659 -0.354070
9 -0.318074 -0.406457 0.050929 -0.238873 0.661829 -0.749889 -0.284056 -0.262878 1.049553 -0.028414 0.641846 -0.116900 0.420691 -0.419306
10 -0.497579 0.554798 -0.314430 -0.515775 -0.802401 0.601946 -0.509809 0.010281 0.999213 1.111912 -0.752859 0.037209 0.110108 -0.032614
5 -0.053529 -0.639402 0.086769 0.003948 0.860304 -0.155459 -0.240472 -0.155127 -0.081611 0.409913 0.126632 -0.460245 -0.202362 0.500641
11 0.388068 0.515536 -0.337708 -0.824101 -0.161192 -0.645098 -0.087916 -0.091115 -0.543604 0.291108 1.004847 0.556200 -0.612910 0.547885
13 -0.107513 -0.042034 0.000000 -0.339706 -0.035131 0.000000 0.000000 -0.220385 -0.011314 -0.039379 0.000000 0.000000 0.799041 -0.003579
10 -0.257196 1.064634 -0.953285 -0.539536 -0.446284 -0.798445 -0.722179 0.262009 0.110947 2.365098 -0.384346 -0.048011 -0.514295 0.860888
1 50.070321 -3.793494 -3.760049 -3.683363 -3.931613 -3.775971 -5.026559 -3.650053 -3.647289 -3.612343 -3.896228 -3.612166 -3.679372 -4.001821
5 0.124767 -0.491319 0.042845 -1.096417 1.221604 0.519625 0.897155 -1.019159 0.518543 -0.384193 -0.435950 0.150170 0.065874 -0.113544
13 -0.164126 -0.469593 0.338541 -0.772745 0.908905 -0.735077 -0.776067 -0.408189 -0.235084 0.700652 -0.105023 0.609765 0.928740 0.179300
13 -0.697597 -0.669319 0.171289 0.280690 0.529494 0.157589 -1.072583 0.368955 -0.089297 -0.419312 -0.728995 0.731648 1.045042 0.392397
1 27.974557 -2.177897 -2.018157 -2.453430 -2.404876 -2.694749 -1.752521 -2.400414 -1.279137 -2.069598 -2.061907 -2.357573 -2.157385 -2.146912
1 17.272608 -2.093713 -0.487836 -1.309852 -0.897101 -0.998305 -2.187256 -0.509094 -0.545793 -1.601082 -1.813586 -1.622036 -1.906188 -1.300766
2 -0.720039 1.671214 -1.248053 -0.289239 0.727090 -0.285568 0.897479 -0.301184 -0.698614 -0.171020 0.390768 0.706741 -0.988890 0.309315
6 -0.884855 0.202343 -0.234131 0.503651 -0.075130 3.693470 -1.814344 0.098270 -0.788955 -0.658049 -0.618993 -0.368006 0.711894 0.232834
5 -1.563582 -0.298562 -0.159534 -1.493860 4.032127 0.018948 1.138514 0.843308 -2.132783 0.613549 0.125133 -0.519219 -0.825217 0.221177
6 1.389688 -0.311639 -2.037461 -1.903619 -0.365349 5.697796 -0.698940 -0.644206 -0.479622 0.460593 -1.642325 -0.648733 0.039125 1.144693
12 0.119032 -2.071646 1.471132 -1.198330 -0.230282 -0.221416 -1.272678 -0.619813 0.273599 -0.051221 1.951712 2.244817 0.750337 -1.145243
2 -0.391962 2.167978 -1.033971 -1.368913 -0.500126 0.342504 0.695916 -0.247972 -1.090263 0.837912 -1.563315 1.301667 1.006232 -0.155688
3 -0.992243 -0.607553 15.483292 -2.654731 -1.961367 -0.905608 -1.164586 -2.427074 -0.311692 -0.251333 -0.758184 -0.360088 -1.739921 -1.348911
10 -0.365482 0.855357 0.580672 -0.274592 -0.654659 0.606405 -1.253141 -0.947564 -0.773182 3.249319 -0.781323 -0.498327 -0.852472 1.108988
1 0.000000 0.000000 0.000000 0.000000 0.000000 0.000000 0.000000 0.000000 0.000000 0.000000 0.000000 0.000000 0.000000 0.000000
6 -1.553335 0.199590 1.828365 0.178915 0.086419 2.483012 -0.113780 -0.125417 -1.956220 -0.119875 0.648316 -0.887487 -0.591024 -0.077479
10 -0.933391 0.389550 -0.016125 0.798580 0.314251 0.453637 -0.875814 -1.453679 -0.836230 3.427553 -0.624454 0.811580 -0.348305 -1.107153
10 0.289570 -1.247330 0.469442 -0.004687 0.974604 0.908434 -1.037566 -1.574542 -0.538485 1.983147 -0.394370 1.001519 -0.781161 -0.048574
7 -2.985885 -3.121630 -3.196995 -3.214548 -3.366181 -3.236047 41.949658 -3.197266 -3.038187 -3.216524 -4.137355 -3.120176 -2.892316 -3.226550
4 0.216858 -0.508731 0.006466 1.620173 0.141873 -0.095133 0.363175 0.009866 -1.258355 -0.279105 1.217176 0.846023 -0.822280 -1.458007
12 -0.092248 -1.279791 0.492089 -0.613398 0.035053 -0.429708 -0.669639 -0.886310 -1.509801 0.387837 0.501127 4.522371 -0.666878 0.209297
4 -0.522517 0.366012 0.103478 0.597493 0.107005 0.010352 0.243670 -0.201299 -1.054316 0.054946 0.477908 0.115399 -0.370271 0.072139
11 -1.813311 -1.409324 -1.554310 -0.849687 -0.354735 -1.987099 -1.207080 -1.158912 -0.761431 -2.529575 17.808474 -0.917301 -1.388856 -1.876853
11 -3.331035 -1.313705 -1.262913 -1.310626 -1.282016 -1.388766 -2.501368 -1.513750 -2.217188 -1.315265 21.797523 -1.268354 -1.590992 -1.501543
8 -0.023322 1.321983 0.459835 -1.000201 0.627168 0.168356 0.084286 1.439111 -0.953270 -0.494455 0.088271 -0.214221 -0.620094 -0.883448
3 -0.900137 -0.720817 14.628897 -2.615765 -1.624782 -0.826992 -1.059149 -2.321065 -0.255797 -0.157650 -0.815014 -0.303241 -1.719378 -1.309108
11 -0.201454 0.544523 -0.344471 -0.469600 0.278812 -0.595708 0.386142 -0.167636 -0.939970 0.336230 1.151146 0.079825 0.404683 -0.462523
3 -0.954158 0.069295 0.797507 0.422687 0.082323 0.343841 0.139449 -0.450027 -0.584295 -0.275147 0.065554 0.311725 -0.237087 0.268333
11 -0.878273 0.174914 0.525692 -1.186181 0.345879 -0.576413 -0.015490 -0.358866 -0.228526 -0.067751 1.601068 -0.006854 -0.223536 0.894337
14 0.348467 0.777106 -0.528353 -0.593820 -0.038656 0.448843 0.222468 -0.385997 -0.998799 -0.819789 0.538408 -0.394227 0.226553 1.197795
14 -0.069471 -0.309781 0.480715 0.378332 0.151012 -0.363585 -0.114207 -0.198339 -0.187522 -0.153391 0.157003 0.020039 -0.377164 0.586357
10 1.040505 -1.156405 0.598501 -1.796910 -0.446866 -0.917292 -0.672435 -0.571994 1.298104 1.828753 -0.538310 1.286470 0.040737 0.007143
11 -2.400474 -1.299559 -1.481804 -1.662015 -0.929032 -2.207741 0.216634 -1.324317 -2.636255 -1.631091 20.513683 -1.545208 -1.964250 -1.648570
10 -0.188253 -0.443054 -0.071756 -0.650620 -0.273569 0.205008 -0.180834 -0.282137 -0.307298 2.956323 -0.515537 -0.083912 0.073977 -0.238338
11 -1.801196 -2.343569 -2.342556 -1.356445 -1.164371 -1.573235 -3.317237 -0.833276 -2.482338 -0.914647 23.250772 -1.605843 -2.742762 -0.773297
11 -1.092878 -0.691681 -0.550691 -0.931867 -0.880401 -0.915762 -0.685092 -1.015463 -1.178255 -0.662273 11.567855 -0.414469 -1.551054 -0.997968
6 -0.085010 -1.172410 -1.230355 1.105299 -0.513038 7.547737 -0.732077 -0.558823 -0.184893 -1.809884 -1.285661 0.353020 -0.814377 -0.619526
13 -0.427768 -1.475541 -0.301344 -0.969957 -0.514485 -0.880122 -0.701820 -0.917619 1.470075 -0.541603 -0.811759 0.491847 5.579173 0.000922
5 -0.349805 1.469327 -0.114766 -0.974748 2.389595 -0.664344 -0.951610 1.469691 -0.263655 -0.355014 -0.130661 -0.470493 -0.619953 -0.433565
2 -1.109555 1.892470 -1.201025 -1.822563 0.394251 0.584481 0.232638 0.344358 -1.014893 0.202585 0.606680 0.409540 -0.505418 0.986450
2 -0.909215 1.728081 -0.469210 -0.059928 0.944380 -0.697291 0.510880 0.005816 -0.957529 -0.552339 0.584839 -0.402235 -0.444307 0.718057
14 0.523386 0.009339 -0.765632 -0.513045 0.554496 -1.260957 -0.439510 0.879987 -1.839907 -0.853335 1.134881 -0.214317 0.038651 2.745963
7 -1.640108 -0.281928 0.480404 0.359314 1.448094 -0.925618 1.562838 -0.010154 -1.766474 -0.466934 0.915990 0.772703 -0.376649 -0.071477
2 -0.541135 1.905432 -0.444724 0.325544 -0.088921 1.137819 0.839005 0.372641 -1.628373 -0.790032 0.295095 -0.661558 -0.354509 -0.366284
5 0.238041 -0.325576 -0.212095 -0.715097 4.855782 -1.011455 -1.353604 -0.546427 0.008867 0.718799 0.696516 -0.751686 -1.366906 -0.235158
8 0.212016 -0.041944 -1.033579 0.406430 0.012213 -0.638004 -1.577628 2.039461 0.077895 -0.487197 -0.560092 0.309650 1.269862 0.010916
14 -0.133378 0.193339 -0.090897 0.198121 -0.017875 0.309020 -0.080356 -0.896456 -0.757397 -0.150143 0.320243 0.697276 -0.593922 1.002425
5 0.597968 -0.483523 0.743856 0.017711 0.985610 -0.136978 -0.306983 -0.735996 -0.530708 0.244027 0.019735 -0.368781 0.178705 -0.224644
2 -0.991111 16.080810 -1.371212 -1.014589 -1.052736 -1.220086 -0.989457 -1.307823 -1.740597 -1.202315 -0.963016 -1.561408 -1.555219 -1.111242
13 -0.517913 -0.540430 -0.064105 0.271197 -0.623875 -0.493386 -0.455454 -0.532178 0.080275 -0.023298 -0.474102 -0.533827 3.417615 0.489480
14 -0.391349 -0.600030 0.809914 -1.621738 -0.071190 -0.928184 -0.759506 -0.090818 0.137406 -1.418838 -1.512493 0.372150 -1.868185 7.942861
9 -0.368548 -0.523057 -0.361258 -0.135087 -0.031179 -0.378312 0.222828 0.711512 1.322061 -0.410967 0.225910 -0.183037 0.103943 -0.194809
3 -0.957871 0.452467 3.450050 0.333569 -0.142514 -0.353011 -0.002890 -0.134638 -0.799506 -0.371586 0.037483 -0.867282 -0.615436 -0.028834
13 -0.803831 -0.512327 -0.102220 0.889846 0.000349 -0.343476 0.808358 0.114751 -0.609159 -0.330566 0.078476 0.144093 0.944332 -0.278626
6 -0.085795 1.851405 0.388906 -0.390579 -1.171782 5.292629 -0.580352 -0.730398 -2.254641 -1.775552 -0.020439 -0.794881 -0.262589 0.534069
4 -0.665583 0.428228 -0.744685 2.088505 -0.359860 2.003104 -1.191854 0.627167 -0.628792 -1.000068 -1.008154 -0.895328 1.670401 -0.323082
3 -1.031763 -0.032727 2.181164 0.902192 -0.050150 -1.049606 -1.123219 1.206573 -0.395302 -0.767433 -0.804392 0.589242 0.517452 -0.142030
1 6.956371 -0.637563 0.859132 -2.527965 -0.177905 -0.576138 -1.517335 -0.888413 1.525410 -0.663356 -1.867158 1.067972 -0.858514 -0.694538
5 -0.589991 -0.088261 0.176972 -0.623020 0.475269 -0.343538 0.062523 0.403970 -0.386823 0.160442 0.285600 0.161491 0.334813 -0.029448
1 1.264157 0.520803 -0.259050 -0.178109 -0.912627 -0.082349 0.600730 -0.189462 -0.812249 -0.215603 -0.547396 -0.368420 1.133571 0.046003
6 -0.305083 0.738540 -1.552682 -0.580804 0.693208 2.126064 -0.015190 -0.296997 0.688029 -0.400163 -0.402444 -1.360566 0.630349 0.037738
6 -0.428167 0.290792 0.065443 -0.458487 0.794525 2.973059 -0.276220 -0.111245 -0.920123 -1.093468 -0.559456 -0.087825 0.305831 -0.494660
3 -1.328795 0.005815 2.720316 -0.293808 0.119273 1.145237 0.081092 -0.565514 -2.053262 0.831482 0.395773 -0.170293 -0.884157 -0.003160
6 -0.313271 -0.672412 -1.429010 0.574437 0.062890 7.218467 -0.531637 0.022084 -1.389444 -0.675101 -0.416952 -0.641721 -1.615885 -0.192445
1 27.634930 -2.623259 -2.548774 -2.187435 -2.083989 -1.050137 -1.610424 -3.328796 -1.046827 -2.434467 -2.814471 -1.577268 -2.752264 -1.576820
14 -0.091602 1.057527 -0.148661 0.683255 -0.643449 -1.680530 0.231772 -0.546691 -0.952670 -0.034791 0.188152 -0.653214 0.373625 2.217278
3 -0.540795 -0.806896 0.961019 -0.415672 0.806104 -0.786974 -0.334715 -0.679351 0.896196 0.695630 -0.195089 -0.265124 -0.226775 0.892443
4 -0.522517 0.366012 0.103478 0.597493 0.107005 0.010352 0.243670 -0.201299 -1.054316 0.054946 0.477908 0.115399 -0.370271 0.072139
12 0.765928 -1.237026 -0.345612 -0.915560 -0.770192 0.917518 0.553386 -0.197752 -0.921673 -1.010278 -1.444529 7.083339 -1.575905 -0.901643
1 5.811924 -1.353311 0.450029 -1.820938 0.045069 -1.203402 1.117394 -1.718905 1.899903 0.402155 0.063606 -1.138927 -2.559560 0.004964
13 0.345407 0.332427 -0.518602 -0.102466 -0.590184 -0.445181 0.128642 0.325413 -0.548798 -0.100380 -0.304602 -0.058251 2.117702 -0.581126
13 0.309226 -1.266902 0.115437 -1.169954 -0.663614 -0.261088 0.740936 -0.287779 0.796898 -0.041189 -0.223543 -0.263285 2.473507 -0.258649
14 -0.318510 -1.407448 0.725941 -0.299419 -0.574263 -0.926394 0.814385 -0.210743 -0.373673 -0.646551 0.520516 1.135577 0.264701 1.295882
9 -0.639628 -0.182377 -0.091321 0.057490 -0.213355 0.236571 -0.347173 0.032283 2.057283 -0.472382 -0.374835 -0.213463 -0.519808 0.670717
3 -1.461487 -0.913905 19.428844 -2.021867 -1.197988 -1.195031 -1.143459 -1.116926 -1.973988 -1.320876 -1.058786 -1.670764 -2.388301 -1.965465
7 -3.426319 -3.046286 -2.698875 -4.185814 -3.012982 -4.316031 38.554478 -1.929642 -1.993143 -2.514541 -3.297015 -3.145969 -2.360617 -2.627246
11 -0.847452 -0.278687 -0.287850 0.260208 0.059953 -0.435706 1.661159 0.934947 -1.428410 -0.456701 2.642143 -0.284741 -0.899696 -0.639165
8 -0.997277 -0.235755 0.422450 0.847571 0.218000 -0.888549 -0.746168 3.108595 -0.396786 -0.150107 -0.872227 -0.297905 0.073665 -0.085506
9 -0.382961 -0.917588 -0.280012 -1.201176 -0.095584 0.140347 -0.091455 -0.945574 3.158687 -1.058239 -0.388125 -0.320792 0.943819 1.438653
3 -0.393978 0.268127 3.110683 -0.734311 0.278082 0.212435 0.155316 0.260212 -0.801934 0.519751 -0.581026 -0.413739 -1.228067 -0.651551
6 -0.819916 -0.953151 -0.959448 -1.408569 -1.096881 14.382740 -1.558950 -1.195322 -0.849668 -1.011369 -1.300132 -0.915278 -1.228423 -1.085633
1 2.725284 -1.359200 1.059400 0.449138 -0.748611 0.506873 -1.294690 -0.604205 1.243112 -1.248267 -1.466827 2.677132 -1.288672 -0.650465
1 0.688830 -0.575721 -0.492224 -0.233474 0.201098 -0.578160 0.272129 0.368237 -0.194663 0.136852 0.208003 0.043567 -0.157100 0.312626
9 -1.069534 -0.109041 -0.043384 -1.154652 -0.567464 0.643681 -0.366240 -0.911543 4.720463 0.103696 -1.065971 -0.864976 0.918626 -0.233660
1 1.626684 0.835257 0.553944 -0.726126 -0.157032 0.548632 -0.479654 -0.806881 0.374835 -0.175470 -0.777738 -0.203935 0.066332 -0.678850
5 -0.988330 -0.727202 -0.557114 0.697836 4.033495 -0.955217 -0.842904 1.093396 -0.441720 -0.302403 -0.858496 -0.344137 0.085853 0.106943
12 -0.694820 0.149205 0.595248 -0.110079 0.521047 -0.593000 0.004866 -0.911010 -0.044738 -0.490163 0.720662 0.889231 -0.711276 0.674827
1 16.498905 -1.287434 -1.589294 -1.433791 -0.470308 -1.967637 -0.932124 -1.000233 -0.678707 -1.504062 -1.300753 -1.557368 -1.428602 -1.348591
1 1.395232 1.261216 -0.856770 -1.166989 -0.455203 0.901179 -0.982318 -0.249079 0.869021 -1.526366 0.055744 0.300797 0.025457 0.428078
12 -0.125736 -0.712127 -0.262570 -0.139247 0.283726 0.031926 0.261018 -0.405657 0.844408 -0.679388 -0.365122 2.059635 -0.411282 -0.379585
14 0.684466 -0.501785 -0.130510 -2.298647 -0.131142 0.953221 -0.456131 -0.253882 -0.988355 0.212422 0.256489 0.184342 0.583903 1.885609
1 34.855531 -3.177825 -3.091614 -3.222809 -3.044785 -3.286864 -1.888395 -1.979689 -1.841793 -2.416223 -2.093800 -2.621274 -3.001454 -3.189006
1 14.364825 -1.424225 -1.074691 -1.709220 -1.247350 -1.315486 -1.200081 -1.151852 -1.547332 -0.700468 -1.277063 -1.327360 -0.737231 0.347535
1 18.439136 -2.487179 -1.867242 -0.892008 -0.204512 -1.033734 -1.990488 -3.020317 -1.688548 -1.073812 -1.125723 -0.864426 -0.895828 -1.295319
1 27.155026 -2.129671 -2.252017 -2.251296 -2.191348 -1.736989 -2.244464 -2.069937 -2.058096 -2.197466 -2.012627 -2.023244 -1.824604 -2.163268
1 32.609774 -1.851952 -2.617593 -2.402918 -2.596751 -2.485393 -2.103964 -2.543166 -2.764986 -2.445828 -2.343599 -2.466540 -3.084908 -2.902176
1 28.329644 -3.388123 -2.981994 -2.764329 -2.449040 -2.196811 -1.806381 -1.968344 -1.227616 -2.346030 -1.320049 -1.307043 -2.209560 -2.364327
1 30.470384 -1.223008 -3.127934 -1.781980 -2.867703 -2.330187 -2.577083 -0.649772 -2.073265 -3.418187 -2.930968 -2.100173 -2.932294 -2.457830
1 29.290742 -2.615561 -1.503967 -1.574403 -2.539686 -2.536573 -2.076519 -2.905277 -0.493354 -2.256925 -1.861634 -2.313262 -4.030021 -2.583560
1 27.741405 -2.226179 -1.998922 -2.490424 -2.343831 -2.900055 -1.876874 -1.957457 -1.527320 -2.316969 -2.188503 -2.588522 -2.246697 -1.079651
1 4.947362 -0.481400 -0.297144 0.941642 -0.253351 -1.631233 -0.855161 -0.075309 -0.150456 -0.318451 -0.862941 -0.015358 0.189129 -1.137329
1 7.412713 -0.423025 -0.473341 -0.519425 -1.065334 -0.188953 0.033102 -0.949053 -0.684162 -0.502092 -0.554737 -0.296836 -0.761557 -1.027302
4 0.480456 0.285406 -0.306710 0.750818 0.328898 -0.053935 0.097883 0.386456 -1.189647 -0.550054 0.296924 -0.052410 -0.135760 -0.338326
1 2.262313 -0.760448 0.426131 0.590413 0.178113 -0.197665 -0.895354 0.012849 0.784976 -0.515232 -1.359105 0.137402 -0.294207 -0.370187
13 0.581099 -0.070169 -0.166432 -0.190873 -0.186573 -0.461427 -0.155492 -0.120224 -0.453173 -0.103197 -0.066128 -0.083955 1.697657 -0.221115
1 29.561198 -2.216110 -2.697674 -3.105319 -2.192703 -1.800402 -1.931971 -2.691093 -1.478332 -2.500241 -2.305622 -2.148288 -2.526404 -1.967038
1 8.256559 -0.738252 -0.970638 -0.568401 -1.098806 -0.390597 -0.308606 -0.424163 0.316640 -0.797239 -0.542295 -0.667413 -0.975928 -1.090858
1 16.005931 -1.483174 -1.152493 -0.605893 -1.363526 -1.862302 -0.734553 -1.193088 -1.801564 -1.118898 -0.778730 -0.765538 -1.659219 -1.486951
1 27.381652 -2.688301 -2.012822 -2.480977 -2.368209 -1.004686 0.536816 -3.805588 -3.061890 -2.717722 -2.412114 -2.190494 -0.858174 -2.317493
1 2.042053 -1.278889 0.923183 0.756096 0.037985 -0.154918 -1.268002 0.556453 0.350329 -1.435319 0.398563 -0.635866 -0.223533 -0.068136
2 -0.624982 0.832908 0.120412 0.547483 -0.249043 0.297340 0.089067 -0.252087 0.259893 0.084620 -0.168058 -0.057948 -0.744291 -0.135314
10 -1.361997 1.707300 1.791709 -0.466467 -0.534977 0.259056 1.445583 -1.142552 -2.326733 2.491305 1.036550 -0.721945 -1.292702 -0.884130
13 0.072160 -1.904306 -0.211491 -1.641846 1.173906 0.288153 -1.987024 1.485895 -0.672050 -0.742843 0.445744 1.037503 1.794829 0.861370
7 -0.056721 -0.020753 -0.054038 -0.309299 -0.141797 -0.017983 0.799041 -0.164102 -0.056446 -0.087862 -0.140864 0.387648 -0.062086 -0.074738
12 -0.669069 -1.729881 0.709035 -1.681739 -0.277029 -1.103039 0.128788 0.301626 -0.140819 1.194011 -0.253990 1.628865 0.921754 0.971487
10 0.036692 -1.949009 0.803537 -0.823463 0.927930 -0.493173 -0.417556 -0.966737 0.654506 1.874975 -0.161554 0.321414 0.369684 -0.177246
6 0.068249 -0.627066 0.323200 -0.298135 0.326597 0.444984 -0.212003 -0.255239 0.358911 0.258597 -0.205747 -0.114811 -0.002277 -0.065260
10 -1.892959 -1.780427 -1.454941 -1.276400 -1.514905 -1.914572 -2.161389 -1.435757 -1.614021 21.038010 -1.938912 -1.150594 -1.489873 -1.413258
1 1.042924 0.291799 -0.030328 -1.113991 0.607814 0.045680 0.130160 -0.766660 -0.612895 -1.151671 0.896915 0.134081 -0.036127 0.562299
9 -0.863277 -0.484562 0.227228 0.428044 -0.103324 -0.025073 -0.311145 -0.615493 0.777580 0.007673 -0.058820 0.073629 0.710097 0.237444
10 0.611899 -1.228498 0.469052 -1.021805 -0.408358 -1.043906 -0.487637 -0.771826 0.272994 3.544744 -0.853489 1.024674 0.702471 -0.810314
12 0.336995 -0.655036 -0.084176 -0.064452 0.324934 -0.047795 -0.429824 -0.229910 0.146072 0.454287 -0.442536 0.769969 0.298469 -0.376998
2 -0.862039 1.028179 0.913714 -0.725786 0.171211 -0.843319 -0.984806 0.159807 0.381792 -0.034288 0.136859 0.230172 0.407977 0.020527
10 -1.177595 -0.567410 0.533515 0.415580 0.169268 -0.871805 -0.575168 0.040166 -1.143801 4.375346 -0.705400 -0.392661 0.323255 -0.423291
2 -0.381963 1.220824 -0.245713 -0.065714 0.101093 -0.269992 0.736033 -0.072816 -0.746916 -0.744674 0.217124 -0.637216 0.454237 0.435695
10 0.966313 -1.405860 -0.302115 -1.403030 -0.076623 -0.660692 0.185679 -1.823218 -1.691623 9.518410 -0.942080 -1.042011 0.599219 -1.922369
10 -0.251445 -0.170760 -0.528746 -0.432768 0.583479 0.124998 -1.235742 -1.120987 -0.748254 4.755124 -0.094767 -0.299466 -0.783886 0.203220
4 -0.701108 -0.214396 1.031244 4.454080 -0.280005 -0.596467 -0.461455 -1.538612 -0.813249 0.227481 -0.382946 -0.178387 -0.674982 0.128801
1 1.817194 1.293634 -0.906065 0.613128 -0.142823 -0.713944 -0.290498 0.637249 0.536816 -0.616254 -0.493456 -0.416636 -0.502146 -0.816201
7 -0.438466 0.021187 0.369746 -0.120167 0.077923 0.440339 0.618624 -0.764003 -0.628573 -0.045161 0.570213 0.568620 -0.627660 -0.042623
2 0.107208 2.521522 -0.560004 -0.346575 0.277904 0.432804 -0.931042 0.257919 -0.581987 -0.028841 -0.316863 -1.265071 -0.195255 0.628281
2 -2.065050 11.598069 -0.844663 -1.229334 -0.246123 -0.569774 -1.626198 -0.595332 -0.813472 0.200317 -1.717325 -1.013376 -0.354684 -0.723055
2 0.646082 1.285109 -0.314707 -0.487855 -0.839740 -0.710901 -0.173004 0.330833 -0.624964 0.215607 0.196036 -0.010612 -0.666731 1.154846
11 -0.275514 -0.719759 -0.320740 -0.066995 0.151215 -0.173542 -0.214979 -0.239515 0.246090 0.379818 1.038484 0.034994 0.600975 -0.440533
2 -0.583568 9.169641 -0.404872 -0.829324 -0.610970 -0.199409 -0.940692 -0.882095 -0.374934 -0.782870 -1.051941 -1.003684 -0.825672 -0.679610
2 -2.916612 15.091876 -1.010388 0.396804 -0.154904 -1.668837 -1.434666 -0.514007 -1.818702 -1.215124 -1.362683 -1.029455 -0.985809 -1.377494
2 -0.499567 3.503488 -0.575168 -0.272230 0.048338 0.081152 0.043246 0.390412 -0.651962 -0.457159 -0.123194 -1.328880 0.078945 -0.237420
2 -1.502781 2.915494 0.836228 -1.513575 -0.167621 -0.294407 0.023332 -0.286135 -0.421577 1.513153 -1.031020 -0.092282 -0.827689 0.848880
2 -0.514421 7.433327 -0.472698 -0.583644 -0.461089 -0.044914 -1.141870 -0.829906 -0.396718 -0.477577 -0.677677 -0.697534 -0.847765 -0.287514
2 -0.252014 3.194648 -0.563278 -2.729656 0.731565 1.655563 0.324985 0.316930 -1.878591 0.604862 -2.389394 -0.068213 -0.881211 1.933803
2 -1.760978 13.346362 -0.745590 -0.348509 -0.342060 -1.178902 -1.975640 0.296196 -0.975106 -1.438594 -1.423903 -1.353209 -0.687077 -1.412990
13 -0.314698 -2.315517 1.126127 -0.789285 -0.182643 0.222198 -0.275801 -0.819782 0.967208 0.069642 -1.153246 1.032405 1.679560 0.753831
2 -0.251556 8.521602 -0.847499 -2.423048 -0.103556 -0.236894 -0.764772 -0.383706 -1.235400 -0.435191 -0.804417 -0.365318 -0.255619 -0.414626
2 1.323851 1.425830 -1.197312 -0.535290 0.399449 -0.725044 -0.172638 0.434984 -0.955477 -0.789312 0.951042 -0.171462 0.275456 -0.264077
2 -0.413466 7.590891 -0.324967 -0.734275 -0.733261 -0.417902 -1.094853 -0.652258 -0.499005 -0.634905 -0.792712 -0.198973 -0.869951 -0.224362
2 -0.728087 3.803075 -0.149348 -1.334906 0.224114 0.713056 -0.852198 0.032945 -1.394795 0.308990 -0.097133 0.065212 -1.016041 0.425116
2 -2.218366 7.160795 -0.518417 0.124256 1.923565 0.201975 -0.905422 -0.819190 -1.883828 -0.735625 -0.444977 -1.418240 0.080179 -0.546703
14 -1.518318 -0.574157 -0.470959 -0.269206 0.484592 0.374917 0.837508 0.354429 -0.964275 0.070895 -0.628614 0.279849 0.488638 1.534700
8 -0.695664 0.237136 -0.350779 -0.231189 0.185513 0.759413 -0.601038 1.350868 -0.453493 -0.733572 -0.710623 -0.242520 1.035726 0.450222
7 -0.330229 -1.997861 0.657679 0.012677 0.156150 0.807297 1.617821 -0.169668 -0.428445 -0.441712 -0.798859 0.230508 0.569840 0.114801
3 -0.150827 -0.879781 0.951295 -0.248407 -0.511463 0.873102 0.684215 -1.146602 -0.479778 -0.208399 0.078754 0.638686 0.165673 0.233532
7 0.132536 -0.652586 0.287448 0.920776 0.094642 0.340039 1.109216 -0.542627 -1.105323 -0.075731 0.059413 0.626440 -0.858422 -0.335819
14 -0.450562 0.208237 -0.199578 0.173834 -0.089238 -0.820405 -0.054154 0.613943 -0.627077 0.032398 -0.107230 0.019064 -0.181402 1.482171
5 -0.135353 -1.400126 0.279690 -1.904678 5.570655 -1.882731 -1.165854 -0.721271 1.024327 2.437248 -0.603992 -0.040676 -2.103304 0.646064
4 -2.038562 0.307316 0.229826 1.183847 0.702181 1.171828 -0.437709 1.180046 -1.920137 0.004519 -0.193922 0.029707 -0.943022 0.724081
5 -0.525493 1.116113 0.611706 -0.104147 1.541301 -0.521326 -0.321639 -0.173692 -0.928950 -0.310204 0.056026 -0.201254 -0.189124 -0.049317
5 -0.956323 -0.433685 -0.922146 -0.348244 2.427599 0.893287 -0.940016 1.002963 -0.576643 -0.480552 0.209751 0.061652 -0.122499 0.184855
9 0.047119 -1.381143 -0.718910 -0.585115 0.129090 -0.779016 0.037651 0.189410 1.842824 -0.235779 0.677628 0.903497 0.074222 -0.201479
3 0.785300 -0.061922 1.692480 -0.261521 -0.122124 -0.702955 -0.243162 -0.218262 -0.195599 0.360480 -0.960088 -0.265620 0.347781 -0.154787
5 -1.559515 1.317526 -0.172749 0.346777 3.320381 -0.518326 -1.255636 0.074433 0.381107 -0.234530 -0.837634 -1.303820 1.512068 -1.070080
5 -2.734831 -2.036912 -1.720395 1.296511 22.208412 -2.778576 -1.840430 -2.526027 -1.921475 -2.245295 -0.237201 -1.111530 -2.062630 -2.289622
5 -0.059399 -1.461936 -0.471741 1.701482 4.246409 -1.111537 -0.477935 -1.002254 -0.296568 -0.345405 0.274799 -0.622029 0.180181 -0.554067
5 -1.119775 -1.401453 -0.997481 -1.132266 19.070368 -0.991435 -1.370429 -1.622220 -2.147641 -1.512786 -1.676627 -1.663987 -1.349478 -2.084791
5 0.326234 -1.244106 -0.612527 -0.740903 4.438013 -0.004744 -0.917818 -0.595884 -0.210764 -0.539239 -0.477097 0.582615 0.193869 -0.197649
5 -1.321458 -1.860611 -1.228827 -1.747210 19.459182 -1.506772 -1.672634 -1.809347 -0.816502 -1.465036 -1.410568 -1.813852 -1.285238 -1.521127
5 -0.379428 0.220217 -0.161588 0.610853 1.098234 0.760898 0.386664 -0.734148 -1.386995 -0.140036 0.347913 0.048210 -0.763440 0.092647
5 -0.002474 -0.500680 0.193611 -0.603409 2.749123 -1.027838 0.134913 -0.617004 -0.238256 -0.418917 -0.240635 -0.103209 1.426455 -0.751680
2 -1.245726 1.359724 0.190032 1.085241 1.091260 0.741006 -0.336316 -0.964804 -1.360813 -0.099792 0.544345 -0.593017 0.027367 -0.438506
1 0.000000 0.000000 0.000000 0.000000 0.000000 0.000000 0.000000 0.000000 0.000000 0.000000 0.000000 0.000000 0.000000 0.000000
11 -2.685736 -1.177960 -0.313380 -1.710519 -0.120214 -0.634634 -1.776684 -1.695568 -4.117475 -0.421127 18.360048 -1.735164 -0.888452 -1.083134
7 -0.482999 -0.770645 -0.356455 -0.688547 -0.234325 -0.404392 4.587710 -0.243668 -0.124997 -1.188592 0.457779 -0.218002 -0.902134 0.569268
11 -0.754292 -0.465800 -0.458847 -0.335492 -0.440375 -0.441992 -0.936740 -0.077573 -0.383462 -0.446296 6.334393 -0.458658 -0.427070 -0.707795
11 -0.210075 -0.933324 0.228471 -0.636061 -0.300861 -0.412182 0.158031 -0.790721 0.015756 -0.247969 2.144818 -0.404723 0.491045 0.897795
11 0.044453 0.220142 -0.729193 0.442219 0.297924 0.339800 0.284333 -0.319069 -1.478273 -0.261833 1.592062 -0.706981 -0.540222 0.814639
2 -0.193783 2.247128 -0.943179 -0.124088 0.407753 -0.006070 0.418689 -1.427632 -1.335370 0.002092 2.049714 -0.868573 0.145831 -0.372512
1 1.305785 -0.375898 -0.099901 0.248135 -0.264740 0.218741 -0.213691 -0.381784 -0.597434 0.083986 -0.027713 0.017431 0.190631 -0.103549
8 -0.532320 0.531212 -0.795638 -0.050948 -0.180064 1.724540 -0.721890 1.781491 -0.441378 -0.990437 0.272652 0.575569 -0.743940 -0.428850
3 -0.737883 0.657448 1.240677 0.172777 -0.138825 -0.135420 0.447618 -0.335672 -1.625202 -0.003081 0.734746 0.501397 -0.852760 0.074181
11 -0.575456 -0.435004 -0.738946 -0.641729 -0.992101 -1.462912 -2.817338 -0.627602 -0.455008 -1.049913 11.967913 -0.211750 -0.484346 -1.475808
11 -1.148936 -0.085712 -1.146488 -0.847501 -0.910118 -0.310891 -1.872680 -0.332372 -0.888221 -1.040120 11.130512 -0.979104 -0.972679 -0.595691
11 -0.066049 -1.094104 -0.199363 -1.044518 -0.076179 -0.649815 -1.634943 -0.538780 0.930015 -0.531759 5.952313 -0.338278 -0.039742 -0.668797
11 -0.169953 -0.506968 -0.259415 1.415911 0.475658 -1.484340 -0.556634 0.521689 -1.144772 0.034776 2.088646 0.117279 -0.405706 -0.126172
11 -0.582379 -0.480645 -0.532603 -1.337723 -0.495606 -0.873932 -0.499167 -0.590974 -0.480318 -0.519318 8.122460 -0.598006 -0.417282 -0.714505
11 -2.086187 -0.778774 -1.641126 -2.158590 -1.689828 -1.916890 -3.825771 -1.738947 -0.842809 -0.417875 21.593746 -1.474449 -1.514893 -1.507608
11 -1.526220 -0.548556 -0.797327 -1.304363 -0.819955 -1.268651 -1.337422 -1.515142 -0.693362 -1.108827 13.188526 -1.315483 0.560460 -1.513678
11 -1.622672 -1.177212 -0.994976 -1.770821 -0.630781 -1.021606 -2.196367 -1.062272 -0.884755 -1.599760 14.806169 -0.980089 0.352807 -1.217665
11 -0.867003 -0.717221 -0.682576 0.420703 -0.653237 -0.845892 -1.556197 0.351190 -0.763398 -0.193802 5.747232 -0.316894 -0.230960 0.308056
9 -0.031495 -0.113156 0.032822 0.019302 -0.125519 0.305941 0.225616 -0.201977 0.378009 -0.070272 -0.327771 0.049922 -0.092070 -0.049353
11 -0.298371 -0.200024 -0.076260 -1.681494 1.916357 -0.676756 -0.862340 -0.317341 -1.079089 -0.240257 4.083355 0.547858 0.018164 -1.133802
12 -0.276743 -0.126663 0.223923 -0.172597 0.453545 0.067510 -0.130012 -0.299489 0.256400 -0.150077 -0.164175 0.643945 0.015076 -0.340645
4 -0.871032 -1.190690 -1.196900 5.733465 0.984428 -1.852422 0.060341 -0.563883 0.215579 -0.406792 -0.811934 -0.018477 -1.334118 1.252436
1 0.764438 0.622691 -0.550825 -0.202628 0.460833 -0.254554 -0.066646 0.179661 0.385516 -0.389691 0.198721 -0.715075 -0.145245 -0.287194
5 0.697499 0.123437 -0.292036 -0.870908 0.835820 0.514105 0.194874 -0.621421 0.506642 -0.662347 -0.239870 0.301542 -0.205115 -0.282223
4 -0.390319 -0.035968 -0.809067 1.704998 -0.304826 -0.335448 0.781960 0.610314 -0.904945 -0.215959 0.891175 0.089102 -0.426044 -0.654973
7 -1.307408 -0.264735 -0.954605 -0.066435 0.545851 -0.783807 11.814556 -1.557193 -1.589589 -0.930498 -1.640438 -0.770296 -1.122686 -1.372717
14 0.256238 0.063343 -0.338972 0.146922 -0.280580 -0.403344 -0.297073 -0.123843 -0.622505 -0.201360 -0.127658 0.404663 0.645002 0.879168
4 0.178645 -0.855617 0.461158 2.707646 -1.006787 -0.758894 0.325791 -0.784344 0.331104 -0.599782 -0.318125 -0.154011 0.203047 0.270168
5 0.134167 -1.187795 0.043270 -0.257700 5.157323 -0.542791 -0.346549 -1.293767 -0.438523 0.658524 -0.196868 -0.710304 -0.401697 -0.617290
4 -1.023104 -0.032645 -0.420015 1.462426 0.694552 1.231943 -0.938236 -0.708878 -0.786877 0.577036 0.361137 -0.176670 0.453669 -0.694338
4 -1.249108 -0.521092 0.572365 8.202004 0.116286 -1.033768 -1.082896 -0.426741 -2.266096 -0.980215 0.324709 -1.118467 0.171746 -0.708727
1 1.077356 -0.871221 -1.306973 -0.415049 0.325891 0.425937 -0.344174 -0.319754 0.080032 0.900464 -0.925793 0.745393 -0.303182 0.931074
4 -0.368428 -0.499560 -0.931754 7.581699 0.270921 -0.549639 0.880752 -0.927034 -1.154135 -1.253862 -0.189476 -1.397154 -0.647959 -0.814371
4 -0.294993 -0.632917 -0.718283 6.209751 -0.065624 0.659199 -1.387135 -0.577109 -1.050376 -0.545837 -0.431111 -0.179900 0.137798 -1.123462
4 -1.182455 0.646630 -0.126517 2.065021 0.848936 -0.223758 -1.258381 0.210299 -1.691115 0.308722 1.368892 -0.148959 -1.039487 0.222173
4 -0.091068 -0.154922 0.009743 2.018241 0.124247 -0.082637 -0.759414 -0.190718 -0.022788 -0.038281 -0.207563 0.323645 -0.713563 -0.214921
9 -1.269886 -1.006869 0.333764 0.069106 1.539849 -1.440069 0.400855 -1.105958 5.472682 -1.198412 -0.745950 -0.489942 -0.952380 0.393210
4 -0.898418 -1.786248 -0.930245 4.687297 0.083716 -0.162543 -0.933037 -0.952599 1.003397 0.007746 -0.283517 0.112625 0.708245 -0.656418
4 -0.121140 -0.683299 -0.235800 1.225054 -0.268963 0.118269 -0.460628 -0.454607 0.824593 -0.410806 -0.409558 0.292535 0.731292 -0.146944
8 0.555384 -0.681487 -0.406876 -0.170466 -0.079291 -0.145319 -0.537792 2.001264 -0.157051 0.120257 -0.430545 -1.071449 0.179509 0.823863
5 -0.268845 -0.184189 -0.940650 -0.351339 0.922182 -0.486898 0.647289 0.205682 0.114979 0.231356 0.145798 -0.007869 0.072595 -0.100091
6 -0.036214 -0.014078 -0.005657 0.202024 -0.103985 0.391485 0.000000 0.153303 -0.160889 0.000000 0.000000 -0.256018 -0.071470 -0.098499
12 -0.695237 -0.101404 -0.565069 -0.226841 0.285871 0.718168 0.244811 0.165689 -0.295052 -0.400884 0.569262 1.060354 -0.901755 0.142087
3 -0.748914 -0.549303 3.543202 -0.336494 -0.404958 -0.043933 -0.252982 -0.402331 -0.299439 -0.352795 -0.288065 0.920057 -0.372008 -0.412037
3 0.098192 -0.332239 2.295174 0.658526 -0.267793 -0.221559 -0.115780 -1.118922 -0.380875 -0.173942 -0.579818 0.458180 -0.429888 0.110745
12 -0.106464 -1.536331 0.737432 -0.462694 -0.295320 0.839182 -0.187740 0.783909 -1.108556 -0.462267 0.655724 1.358257 -0.992297 0.777165
10 -0.674276 -0.077340 -0.177947 -1.305229 0.651652 0.709170 1.692938 -0.083432 -1.230387 2.600737 0.376736 -1.151222 -1.462708 0.131309
3 -0.963879 1.057431 2.584554 1.326165 -0.026997 -0.814022 -1.167846 -0.024757 -0.126095 -0.640821 -0.493366 -0.735054 0.602293 -0.577606
1 0.959581 0.709422 0.353481 -0.135944 0.041532 0.763422 -0.975558 -0.210959 -0.747459 -0.378764 -0.332001 0.398680 -0.355161 -0.090271
8 1.154043 -0.675002 -0.087566 0.378742 -0.309617 -0.773862 -0.737751 1.538695 -0.238581 -0.340848 -0.122061 0.588131 -0.463696 0.089373
5 -1.220813 -1.735810 0.874300 -2.167304 1.700762 1.566094 -1.972658 -0.329103 0.416341 1.274927 -0.059912 0.588605 -0.453358 1.517928
6 0.501318 0.519875 0.230317 -0.699296 0.027906 2.421444 -0.821499 -0.364915 -1.703935 -0.856860 0.495811 0.085040 0.469828 -0.305033
3 -0.118215 -0.230394 3.059304 -0.651648 -0.283564 -0.270351 -0.060482 0.454628 -0.571305 -0.214209 -0.113823 -0.307126 -0.334632 -0.358182
3 0.393577 -1.180404 4.027165 0.390656 -0.312388 -0.306385 -0.626951 -1.383034 -0.524534 -0.549215 0.011653 0.840271 -0.539270 -0.241140
5 -0.279068 -0.000983 -0.215671 -0.823698 1.092157 -0.695548 -0.648317 0.232168 -0.370936 -0.196408 -0.075037 0.881710 0.523639 0.575992
3 0.333778 -0.297778 2.736254 -0.196477 -0.511034 -0.471273 -0.035386 -0.067657 -0.463194 -0.716270 -0.347267 -0.136704 0.613112 -0.440104
3 -1.070727 -0.118168 1.566181 -1.816591 -0.037833 0.411687 -0.081564 0.292107 0.436453 0.484011 0.028222 0.401616 -0.659247 0.163852
6 1.707923 -0.415837 -0.927084 1.712939 -1.502607 1.891101 -0.199968 -0.558345 -1.130780 -0.625717 -0.266063 0.225884 0.977434 -0.888881
6 0.299850 -0.082487 -0.485780 -0.612062 -0.305203 1.189282 0.165107 0.469560 -0.306175 0.242829 -0.064689 -0.323778 -0.164508 -0.021946
6 0.687537 -0.780226 0.017353 -1.495853 0.686432 2.405598 -0.179221 -0.386861 0.064442 -0.522073 -0.205835 -0.001236 -0.041256 -0.248800
6 -4.676127 -4.352814 -2.642687 -4.929587 -2.806620 50.719224 -3.779538 -3.888767 -2.777565 -3.606368 -4.948636 -4.701701 -3.396533 -4.212280
6 -0.644402 -0.528081 -0.567333 -0.706469 0.016818 3.915139 -0.179232 0.047613 -0.507107 -0.376408 -0.750615 0.350442 0.374608 -0.444975
6 -1.914158 -0.296274 -0.724856 -0.041357 0.498941 6.401914 0.675418 -0.724170 -0.793587 -0.423941 -0.297851 -0.887301 -1.493281 0.020503
6 0.125755 0.365579 -1.509477 1.108378 0.946672 2.763272 -0.381117 -0.199287 -0.265456 -1.147210 -0.669727 -0.446098 0.363072 -1.054355
6 -1.392156 -0.294856 -0.800285 -1.018330 -0.833099 11.793530 -1.237578 -0.856035 -1.123610 -0.851922 -0.636372 -1.007933 -1.103764 -0.637589
6 -4.676127 -4.352814 -2.642687 -4.929587 -2.806620 50.719224 -3.779538 -3.888767 -2.777565 -3.606368 -4.948636 -4.701701 -3.396533 -4.212280
5 0.297096 -1.135385 -0.250603 0.267623 0.828204 0.122366 0.795419 0.500198 -0.056811 0.458484 -1.145791 -0.551187 0.111512 -0.241127
9 -0.437347 -0.582835 0.057497 -0.057258 -0.413084 0.180316 0.122495 -0.205115 0.617918 -0.176254 -0.116396 0.522866 0.617258 -0.130062
6 -0.557828 -0.616542 -0.861820 -1.639935 -0.178282 4.356233 -0.146382 -0.086808 -0.787562 1.085287 -0.528831 -0.143139 -0.582087 0.687696
6 -0.676813 -1.361124 -2.022266 -0.333642 -0.623715 16.012476 -2.446197 -0.971781 -1.698663 -1.062976 -2.506555 -1.221399 -0.948743 -0.138602
6 -0.993488 -1.288797 -0.589583 -0.698461 -1.123916 12.412019 -1.066309 -1.503469 -0.133331 -1.865133 -0.676099 -0.016819 -1.068754 -1.387859
6 0.120669 0.019040 0.305906 0.169945 0.054625 0.944850 0.093862 -0.615008 -1.091672 0.025329 0.155746 0.530349 -0.613986 -0.099655
6 -1.321187 -0.819140 0.421796 -1.704005 -0.177914 5.957899 -1.054178 -1.026543 -0.205966 0.253906 1.006711 -1.004265 -1.306094 0.978980
7 -0.076726 0.234202 0.507722 0.000000 -0.136490 0.232122 0.611775 -0.101560 -0.208447 -0.297605 -0.104731 -0.170218 -0.336247 -0.153798
6 -0.104732 0.146728 -1.609389 -0.102535 0.549894 2.271349 -0.921825 -0.021441 -2.975455 1.747103 0.299774 -0.474837 -0.166945 1.362312
6 -4.676127 -4.352814 -2.642687 -4.929587 -2.806620 50.719224 -3.779538 -3.888767 -2.777565 -3.606368 -4.948636 -4.701701 -3.396533 -4.212280
6 -0.905811 1.151278 0.066873 0.817724 -0.572654 1.298726 -0.308098 0.960587 -1.549099 -0.209677 0.225954 -0.722480 -0.161816 -0.091506
6 -0.883350 -0.399997 0.671023 -0.194523 -0.313396 3.723836 -0.925646 1.594389 -0.807565 -2.040012 -1.590466 0.484287 0.466261 0.215159
6 -4.676127 -4.352814 -2.642687 -4.929587 -2.806620 50.719224 -3.779538 -3.888767 -2.777565 -3.606368 -4.948636 -4.701701 -3.396533 -4.212280
6 0.611304 -0.868879 -0.125453 -0.303532 -0.714468 3.388466 0.031931 -1.140418 -1.038020 -0.592665 0.279726 1.495056 -0.592900 -0.430147
6 0.457599 -0.957631 0.039413 -1.120560 -0.388187 3.637321 -0.394386 -0.608054 -0.291372 0.273060 -0.632609 -0.061182 0.038854 0.007733
6 0.480621 0.033323 1.192865 -0.540015 -0.078780 1.472203 -0.654653 -0.830580 0.569361 0.255363 0.448203 -0.651509 -1.141120 -0.555282
13 -0.470989 -0.758925 -1.283791 0.142761 -0.450313 -0.341512 -1.183493 -0.699406 -1.322591 -1.000060 -1.525019 -0.653078 9.880127 -0.333711
13 -0.822683 -0.641170 -0.312351 0.471272 1.111570 -1.019188 -0.845004 0.159051 0.925250 -0.115720 0.045669 0.151336 1.497592 -0.605623
14 -1.602072 -0.219532 -0.185168 -0.544919 -0.136845 -0.015459 -0.496212 -1.419245 0.081397 1.208167 0.500742 0.985523 -0.143696 1.987321
8 -0.596300 -0.461495 0.347936 -0.479803 -0.346812 0.163702 -0.114838 1.355476 0.362731 0.107688 -0.144852 -0.091563 0.021692 -0.123562
13 -0.543527 -0.686650 0.090298 0.296980 -0.360227 0.227080 -0.342070 -0.844651 0.289360 -0.055053 -0.543478 0.530834 1.923457 0.017645
13 -0.680425 -0.488682 -0.195062 -0.710388 -0.235124 -0.513025 -0.267682 -0.436782 -0.274838 -0.294614 -0.154495 -0.637214 5.193767 -0.305436
4 0.418263 -1.277583 0.543737 2.446309 -0.231150 -0.238147 -0.759276 0.781054 1.869970 -0.255038 -1.839802 0.531095 -1.220555 -0.768877
10 1.398045 -0.380572 -0.601697 -1.166233 -0.535822 0.715609 -1.439579 -0.438020 -0.288041 1.634187 -0.106114 -0.541001 1.207602 0.541637
13 -0.355649 -0.692141 0.042676 -0.547668 -0.067098 0.462687 -0.401572 -0.394344 0.517655 0.385289 -0.549903 0.021584 1.817873 -0.239390
13 -1.536524 1.589581 -0.471914 0.027576 0.100641 -1.222657 -0.790508 -0.450478 -0.863929 0.270002 1.084526 -0.466857 3.766848 -1.036308
13 -0.973885 -0.953344 0.064550 -0.403485 -0.549815 -0.735239 -0.881929 -1.235934 2.389020 0.565038 -0.859708 -1.126331 5.400659 -0.699597
13 -0.394710 0.578667 -1.193644 -0.481481 0.272340 0.552946 -1.155704 -0.971824 0.543526 -0.633371 -0.168508 -0.172452 3.656008 -0.431793
13 0.383724 -0.369514 -0.558563 -0.233117 -0.237089 0.470407 -0.781977 -0.749363 0.888590 -0.173611 -0.708499 -0.599783 3.248488 -0.579692
13 0.162998 -1.211506 0.452839 -1.274195 0.192389 0.327045 -0.430757 0.435848 0.111341 -0.480974 -0.894447 0.442951 2.247940 -0.081474
13 0.684642 -0.416186 -0.323030 -0.057057 -0.429392 -0.340775 -0.567966 -0.520331 -0.452262 -0.573339 -0.377793 0.010842 3.983276 -0.620629
4 -1.539930 0.041843 0.554875 3.932372 -0.953272 -0.715228 -0.711545 -1.120048 -0.002332 -0.525119 -0.290625 -0.811134 2.484695 -0.344554
9 -0.435352 -0.264813 0.611051 -0.157276 0.021624 -0.576058 -0.565901 -0.498154 2.003688 0.160258 -0.225935 -0.567716 0.200127 0.294458
8 -0.780218 0.404317 -0.392350 -0.325511 -0.130624 0.041924 -0.494376 1.453470 -0.358055 0.547440 0.008319 0.323400 -0.447057 0.149322
1 1.231510 -0.280898 -0.104560 -0.781318 -0.102976 0.246907 -0.438013 0.215495 -0.508474 0.305421 -0.654015 -0.245780 1.214451 -0.097749
12 0.014471 -0.624269 -0.084740 -0.491403 -0.163846 0.294966 0.213871 -0.218300 0.656409 0.123718 -0.418697 0.778192 0.054973 -0.135345
13 -0.703400 -0.202931 0.368394 -1.644851 -0.950214 -1.541394 0.426570 0.255694 0.146602 -1.703047 -0.566939 0.785892 5.616584 -0.286961
13 0.339021 1.938246 -0.885020 0.104963 -0.447126 -1.126851 -0.682986 -1.082936 -0.193537 0.294947 0.473418 0.356895 1.995966 -1.085000
13 0.334525 -1.186989 1.001000 -0.698672 1.010085 -0.140794 0.107853 -0.114200 -0.772745 -0.534138 -0.994347 -0.472277 2.478760 -0.018060
8 0.699821 -0.296078 0.387474 -0.727757 0.055859 -0.152977 -1.081210 0.807558 0.164765 -0.040786 -0.754008 -0.189637 0.540897 0.586079
13 -0.514545 0.181847 -0.208989 0.101567 -0.074020 -0.350229 -0.865247 -0.086556 0.803314 -0.632677 -0.971569 0.719121 2.477527 -0.579546
13 0.410964 -0.877420 -0.583159 -0.272274 -0.552576 -0.184597 -0.378399 -0.603658 0.607302 -0.395999 0.827698 -0.046073 2.525934 -0.477742
7 -3.385970 -1.666728 -3.706765 -3.491480 -2.819564 -3.954620 41.192297 -3.143137 -3.081853 -3.799906 -2.484749 -2.879171 -3.198382 -3.579973
11 0.000000 -0.238560 -0.044843 -0.131835 -0.111106 -0.065688 0.351515 -0.006004 0.000000 -0.135116 0.732565 -0.043681 -0.085961 -0.221284
7 -2.775028 -3.148594 -3.638002 -4.198409 -3.997245 -2.587054 41.473243 -3.430240 -3.153454 -4.347823 -0.837724 -3.111296 -3.108562 -3.139814
8 -0.234000 1.613504 -0.804584 -0.813397 1.552933 1.147320 0.678148 1.852644 -1.027085 -0.779606 -0.086388 -1.351778 -0.719764 -1.027947
7 -0.076151 -0.694133 -1.107280 -3.312210 0.296817 -0.126530 10.496272 -0.031506 -2.522750 0.118078 -0.399419 -0.834440 -1.211740 -0.595010
6 -0.116134 -0.802364 -0.328306 -0.477681 0.723708 1.605951 1.217498 -0.933039 0.606034 0.111397 -0.857037 -0.418375 0.209401 -0.541056
7 -3.723199 -2.969342 -3.518241 -3.347726 -3.279989 -3.404979 43.049081 -2.832762 -3.184724 -3.081713 -3.787670 -3.651172 -2.720981 -3.546585
7 -0.515687 -0.935813 -0.119281 -0.460444 1.070630 -0.508761 3.309264 -0.087183 -1.179486 0.112709 -0.687615 -0.030358 -0.172671 0.204697
7 -0.320274 -0.826170 -0.597558 -0.716767 -0.562392 -0.523001 7.503514 -0.600691 -0.696937 -0.508808 -0.601005 -0.371448 -0.458627 -0.719837
7 0.099458 -0.118417 -0.656197 -0.216666 -0.407338 0.551763 1.604063 -0.156585 -0.569463 -1.038773 0.160639 -0.439197 0.520365 0.666350
7 -1.130937 -0.890111 -0.888758 -0.461027 -0.937757 -1.156422 11.871562 -1.137574 -1.133895 -0.816429 -0.831019 -0.735602 -0.708954 -1.043077
7 -0.759597 -0.554159 -0.981942 -1.251195 -0.825566 -1.347896 11.201499 -1.061319 -1.257078 -0.829606 -0.229832 -1.041610 -1.219308 0.157609
7 -4.386178 -3.937486 -4.740283 -5.312210 -4.702371 -4.246173 56.804638 -4.183292 -4.118433 -4.910851 -3.925519 -3.387931 -3.642843 -5.311069
7 -2.529041 -3.126641 -3.187623 -3.537968 -2.690555 -3.606457 41.188487 -2.574476 -3.151503 -3.721321 -3.867863 -2.924671 -2.816177 -3.454191
12 0.671133 -1.619766 1.206758 -2.075417 0.199754 0.039736 -0.868738 -0.567151 0.886690 0.341123 -0.624851 2.454802 -0.501462 0.457387
7 -3.196720 -3.228885 -2.862216 -2.787675 -3.259651 -2.933363 40.457962 -3.639009 -2.130519 -3.411024 -4.570291 -2.941225 -2.867700 -2.629685
7 -5.487179 -5.168630 -4.691984 -3.437655 -4.270164 -5.699453 61.470538 -3.657832 -4.397985 -4.959941 -5.112431 -4.668560 -5.352315 -4.566411
7 -0.320921 -1.536915 0.518264 -0.169597 -0.127721 -0.375770 3.096989 -0.390775 0.109419 0.704852 -0.884120 -0.369553 0.216056 -0.470207
7 -3.532336 -2.659248 -3.091134 -2.402671 -3.072966 -2.871419 40.166716 -3.186258 -4.077131 -3.109931 -3.144973 -2.902996 -2.886825 -3.228830
11 -0.134349 -1.156290 -0.413648 -1.377606 -0.361893 0.276749 -1.597272 0.067700 -0.390913 -0.671516 6.610086 -0.633888 -0.543890 0.326729
7 -3.382532 -2.999729 -3.066964 -3.078264 -2.875992 -2.854899 40.348840 -3.132845 -3.041556 -3.201591 -3.257555 -3.263780 -2.966816 -3.226318
7 -3.480895 -3.239331 -3.947217 -4.073395 -2.095521 -2.803057 41.075729 -1.852827 -3.345832 -3.117951 -4.152650 -2.932964 -3.443579 -2.590511
7 -3.439451 -3.250788 -3.284949 -2.324981 -3.050810 -3.829263 43.072944 -3.526185 -2.791323 -3.386877 -3.888497 -3.622766 -3.384628 -3.292427
1 3.860220 -0.308976 -1.166961 -1.278770 -0.245193 -1.005530 2.417244 0.513353 -0.884410 -1.283993 0.447414 -0.300063 0.049173 -0.813507
7 -3.182703 -2.876692 -2.279129 -2.954864 -3.107506 -3.311640 38.353889 -3.069773 -2.980842 -3.562718 -2.268692 -3.130518 -2.935527 -2.693286
3 -0.431493 -0.040857 1.420310 0.052518 -0.079959 -0.452999 -0.630194 0.034109 -0.247257 -0.362009 0.087337 1.358272 -0.736393 0.028614
3 0.220289 0.161522 3.488080 0.823519 -0.595039 -0.614063 -0.778733 -1.263698 -0.063790 -0.776248 -0.793895 0.833036 -0.408351 -0.232628
11 0.389871 -0.631077 0.039192 -0.119499 -0.698611 0.164543 0.525014 0.004723 0.008673 -0.138548 0.655827 0.503737 -0.092450 -0.611394
12 0.512568 -0.848428 -0.159067 -0.715135 -0.299988 0.326026 -0.052779 -0.454965 0.555537 0.044677 -0.330767 1.083247 0.217362 0.121712
13 0.208250 0.638114 -0.855449 0.777118 -0.532414 -1.054792 -0.709547 0.013245 -0.099286 0.293287 -0.591530 -0.226947 1.625464 0.514487
9 -0.791135 -1.062308 0.222100 0.721941 0.395294 0.335239 -0.737643 -0.816932 1.598351 -0.083980 -0.244507 1.066591 -0.399034 -0.203977
3 -1.831117 0.267754 1.539714 -0.911721 1.111832 -0.101520 0.479868 -1.033738 -0.713500 -0.764434 1.252278 0.431085 -0.261785 0.535283
8 0.336399 0.161152 -0.486410 -0.308672 0.013458 0.157937 -0.132417 0.579940 -0.434536 -0.086013 -0.120535 0.271806 -0.067090 0.114980
12 -0.882915 -0.142493 -0.222712 0.218352 0.140517 0.114525 0.686405 -0.093988 0.256493 -0.946303 -0.031831 2.377835 -0.741395 -0.732490
1 0.922505 0.553101 -0.368758 0.495139 0.320100 0.727182 0.625213 -1.200713 -1.841623 0.093239 0.366804 -0.589835 -0.170494 0.068140
10 -0.241010 -0.048514 -0.247534 -0.014149 -0.015195 -0.044006 0.000000 0.389784 -0.040967 0.399521 -0.004882 -0.133049 0.000000 0.000000
7 -0.363727 -0.750712 0.018392 -0.678475 0.806950 -0.142510 2.750715 -0.423479 0.013916 0.029623 -0.419314 -0.108804 -0.392322 -0.340254
12 -2.058607 -0.502786 -1.167472 0.973438 0.288390 -1.026516 -1.448665 -0.119570 -0.069638 -0.762433 -1.066737 6.739349 0.204077 0.017168
10 -0.209304 -0.355294 0.452761 -0.361427 -0.295004 -0.074911 0.300418 -0.755562 -0.250982 0.652283 0.023925 0.437692 0.326098 0.109305
12 -1.181122 -2.409590 -0.353326 -0.460531 1.073880 -0.013829 -0.102112 -0.867141 0.464704 0.947391 0.479869 1.893730 0.713112 -0.185036
10 -0.285353 -0.165348 -0.086466 -0.679541 0.581791 0.603044 0.402251 -0.714620 -1.750467 0.923877 0.317660 0.681490 -0.171212 0.342892
5 -0.884232 2.436299 -0.892883 -0.864354 4.788294 -0.266025 -1.216639 0.288240 -2.899544 -0.189875 -1.460310 0.854386 0.149861 0.156782
3 0.148896 -0.355338 1.535360 -0.638705 0.032215 0.454136 0.128952 -0.737553 -1.073570 0.352876 0.514961 0.705821 -1.082899 0.014847
10 0.961729 -2.049257 -0.133992 -1.430585 -0.034714 -0.648543 0.279153 -0.161428 -0.025617 2.072992 -0.774991 1.435286 0.276680 0.233287
2 -0.632110 2.115301 0.348648 0.586574 -0.297754 -0.283405 -0.551641 -0.593612 -0.124871 -0.041573 -1.068830 0.770861 0.277790 -0.505376
9 -0.021688 -1.910750 0.216683 -0.002670 0.468704 -0.751066 -0.452248 -0.449435 1.901845 0.055265 0.115058 0.009071 0.315482 0.505749
12 -2.270576 0.237348 0.093501 -0.519097 -0.159975 -0.606752 1.359446 -0.090376 -1.142558 -1.415213 0.230774 5.518445 -0.964009 -0.270958
6 0.405057 -0.506824 0.444487 -0.173937 0.177303 1.214327 0.644084 -0.848593 0.494628 0.108576 -0.091953 -0.001277 -1.221159 -0.644721
14 -1.084691 -1.417721 -0.526116 -1.783011 -0.482887 -1.764669 -0.973405 -0.451953 -0.051955 1.065849 -1.158216 -1.330824 -0.244449 10.204048
14 1.117519 -0.560794 0.018084 -0.469569 -0.348227 -0.541542 -0.402169 -0.307220 0.729493 -0.506976 -0.109559 -0.131135 0.060975 1.451121
14 -2.516000 -1.315027 -0.558009 -1.636770 -0.092971 -1.458503 -0.430898 -0.987495 -2.711680 4.390951 -0.262004 -0.082328 -0.831780 8.492513
14 -1.246968 0.156927 -1.346167 -0.271454 -0.524841 -1.824771 0.213244 -0.562011 -1.350777 -1.482387 -0.250640 -1.066883 -0.664378 10.221105
13 0.210611 0.568909 -0.857145 0.683455 0.034689 -0.753310 -0.232052 -0.456225 0.350381 -0.803594 -0.586712 0.389892 0.841603 0.609496
14 -1.361684 0.190020 -0.483241 -0.025319 -0.194521 -0.004377 0.132249 -1.139843 -1.028137 0.845094 0.551939 0.464122 1.009483 1.044216
9 0.202901 0.455470 0.337249 -1.243568 -0.104703 0.085434 -0.748269 0.018621 0.693727 -0.701899 0.677206 0.230997 -0.010145 0.106977
4 -0.531845 -0.816099 -1.049130 1.150443 -0.234550 -0.305577 0.373113 0.490504 0.921931 -0.930375 -0.103756 0.532748 -0.516450 1.019043
14 0.522622 -1.883878 -0.374235 -2.003495 -0.435253 -1.505038 -1.410920 -0.547804 0.226321 -1.448797 0.239147 -0.103273 0.784273 7.940330
14 -0.899644 -0.376799 -0.231836 -0.324675 -0.566606 -0.627134 -0.452351 -0.585528 -0.797205 -0.345810 -0.902141 -0.776728 -0.390104 7.276562
14 -0.646845 -0.264718 -0.489051 0.889275 -0.011334 0.151896 -0.855608 -0.017983 0.400231 -0.157205 -0.878834 0.087398 0.875401 0.917377
14 -0.090707 -1.712698 -0.272571 -0.643232 -0.016209 -0.364319 -0.106408 -1.080674 0.840110 0.028896 0.174041 0.125888 1.353397 1.764486
5 0.020312 -0.500908 -0.195449 -0.577434 1.401206 0.308441 0.351695 -1.137117 -0.138812 1.050605 -0.856387 0.020918 0.020116 0.232814
9 -0.545814 -0.743771 0.181484 -1.042552 0.135148 0.346296 0.160899 0.304893 0.997004 -0.227846 -0.886282 0.400646 0.178786 0.741108
10 -1.071924 0.835736 -0.180387 0.116006 0.501145 0.400374 0.504851 -0.440312 -1.869441 0.915334 0.681414 0.035779 -0.469983 0.041408
14 -1.834397 1.113628 -0.150528 1.390101 -0.194884 0.163117 0.211842 -0.660055 -1.789900 0.104234 0.586351 -0.445110 -0.400289 1.905890
14 -0.816998 -0.221981 -0.356258 -0.491767 -0.649429 -0.907653 0.302701 -0.009707 0.208557 -1.039220 0.334909 -0.281850 -0.394127 4.322824
14 1.758180 -1.378163 0.048163 -0.369505 -0.497708 -0.718149 -0.306664 -0.473546 0.520375 -0.094039 -0.603808 0.225068 -0.034953 1.924749
14 -1.363339 0.263247 -0.225712 0.219739 -0.494377 0.198115 -0.988571 -0.724822 1.338853 -0.097809 -1.451590 0.008383 0.318377 2.999508
11 -0.489774 -1.361299 0.876637 -2.495918 -0.008130 0.082494 -0.520010 -0.687435 0.362196 -0.611320 2.045082 0.936431 2.017537 -0.146491
2 -0.543294 0.985882 -0.029996 0.875537 0.781324 -0.781276 0.492143 -0.186245 -1.832536 0.661026 0.786101 -0.665561 -0.970541 0.427437
14 0.352307 -0.960096 0.089636 0.553802 -0.385246 0.490178 -1.181955 -0.464437 0.566979 -0.476301 -0.439195 -0.575313 0.310690 2.118950
2 -0.720715 0.972180 0.092385 0.625979 -0.154645 0.005012 0.248475 0.926277 -0.819158 -0.618372 -0.139534 -0.291873 -0.045171 -0.080840
8 -0.179481 0.130986 -1.254053 -0.534988 -0.733477 0.074738 -0.073690 8.270281 -1.158237 -1.290138 -1.028247 -0.452682 -0.074298 -1.696715
5 -0.047986 0.197368 -0.588737 -1.274840 1.879228 0.827199 0.082234 -0.256212 0.724379 -0.610627 -0.643140 -0.031626 -0.081409 -0.175831
8 -0.800545 -1.797869 -1.151856 -1.261247 -0.618591 -1.137918 -0.615241 10.149471 -0.599921 -0.551359 -1.127070 0.108043 0.001731 -0.597628
9 0.544118 -1.633010 1.216012 -1.590849 -0.508168 -0.679761 -0.709702 1.283930 2.330465 0.161023 -0.952952 0.318895 0.151871 0.068127
11 0.923017 -1.222750 -0.733064 -0.769360 -0.468894 -0.486090 0.133373 -0.463223 1.545118 0.639968 1.727706 -0.382060 0.412238 -0.855978
8 -0.752149 0.207873 0.116725 -0.779381 -0.018760 0.008643 -0.340186 4.074614 -0.370550 0.091279 -0.456423 -0.965473 -0.166625 -0.649588
8 -0.279018 -1.434804 -1.098232 -0.655478 0.184806 0.058646 -0.314534 3.800406 -0.689334 -0.035253 -0.146309 0.096058 0.639461 -0.126414
8 -0.814090 1.331836 -0.209383 -0.637773 -0.110404 0.311791 -0.211053 3.273694 -1.289465 -1.466714 -0.199480 1.721740 -0.892084 -0.808616
2 0.671287 1.277283 0.086805 0.450512 -0.231478 -0.780938 -0.218224 -0.821227 -0.353643 0.301335 0.398232 -0.418872 0.085825 -0.446898
2 -0.005783 1.151263 0.003187 0.342707 -0.169512 0.034503 -0.007124 0.485787 -0.948227 -0.458260 0.461798 -0.223808 -0.567604 -0.098929
3 -0.613304 0.200817 2.137698 -1.588931 0.055749 0.032148 1.131637 2.069487 -0.701437 0.364016 0.005719 -0.077301 -1.008850 -2.007449
12 0.095049 -0.579799 -1.049235 -0.527407 -0.395833 0.697118 -1.074734 -0.070995 0.271694 -0.347974 -0.068927 1.460342 0.873048 0.717651
6 0.113150 0.039688 -0.068390 -0.215826 -0.017668 0.361538 0.308993 0.142816 -0.133236 0.350408 0.110865 -0.119484 -0.493421 -0.379433
8 -0.698087 0.185626 -0.287166 0.991669 -0.396373 -0.464719 -0.764453 2.554374 0.371406 -0.051941 -0.903652 -0.497473 0.092642 -0.131851
2 -0.352941 1.672545 0.230198 0.494837 0.209560 -0.584018 -0.038970 0.271871 -0.876580 0.007942 -0.297587 -0.517509 -0.025877 -0.193470
13 0.365925 -0.041172 0.203718 -1.046289 -0.031474 -0.354890 0.498010 0.594589 -0.340283 -0.285855 0.101067 -0.485590 0.963256 -0.141013
9 -0.143214 -0.343539 -0.402629 0.976342 0.439602 -0.088640 -0.045037 -0.947025 1.128355 -0.272306 -0.432616 -0.100437 -0.554109 0.785254
2 -0.212306 1.090320 -0.517167 0.285154 0.224094 0.956090 -0.608884 -0.795801 -0.832400 -0.177059 0.479438 0.523950 -0.525605 0.110175
8 -0.143063 -1.408814 0.496263 -1.093962 -0.179449 0.267488 0.138978 2.713245 -1.235456 0.363484 -0.306473 -0.204284 0.522226 0.069817
8 -0.501692 0.280189 -0.191380 -0.860211 0.440781 -0.173563 0.369206 1.535936 -0.505658 -0.422147 -0.195874 0.799146 -0.393440 -0.181292
8 -1.301760 -0.520232 0.476071 1.516031 -0.791205 1.448337 -1.562029 2.146779 -0.286403 -0.230009 -0.940873 0.244851 -0.106568 -0.092991
2 -0.648766 2.147975 0.000452 -0.333802 -0.732346 0.210644 1.339197 -1.771878 -0.248787 0.385733 1.379319 -0.540473 -0.154274 -1.032994
3 -0.285173 -1.322225 1.017795 -0.866306 -0.041711 -0.357568 0.008425 0.192559 0.554204 0.569661 -0.460341 0.611807 0.344107 0.034763
9 -0.177776 -2.064749 0.563838 -0.287281 -0.117332 0.271225 0.197772 -0.467075 2.012810 0.111233 -0.711316 0.590794 0.031252 0.046606
13 0.379601 0.252061 -0.207042 0.033022 0.437409 -0.435196 -0.685151 0.118247 0.466803 -0.558181 -0.102864 0.073925 0.507528 -0.280162
1 0.598897 0.263870 -0.041083 -0.820307 -0.450932 -0.060041 0.063436 -0.166517 0.164302 0.524043 -0.131768 0.023751 0.563921 -0.531573
9 1.258298 -1.134690 -0.178485 -0.499431 -0.345134 -0.036393 0.049186 -0.591852 2.721904 -0.017651 0.036560 0.359001 -0.643952 -0.977361
9 -0.187861 -0.613386 0.186092 -0.433246 0.188046 -0.146310 -0.209207 -0.534860 1.507668 0.099493 -0.365709 -0.159657 1.066222 -0.397284
13 0.863718 -0.243017 -0.139038 -1.069996 0.498828 -0.296614 -0.536637 -0.618826 1.054374 -0.185307 -0.402693 0.287369 1.318288 -0.530450
9 0.205391 -0.496632 0.166301 -0.284025 -0.092415 0.041636 -0.206073 -0.270579 0.656409 0.182179 -0.295992 0.287775 0.034635 0.071390
9 -0.747251 0.060821 0.109514 0.246972 -0.008064 -0.255356 -0.018591 -0.452583 1.220925 -0.318675 0.213511 0.178170 -0.596392 0.366999
9 0.035507 -0.933230 0.252603 -0.940664 0.065007 0.166375 -0.056251 0.243261 1.783374 0.718811 -0.033685 -0.476790 -0.430888 -0.393431
9 0.309611 -0.582894 0.310446 -0.474947 0.135887 -0.253988 -0.186453 -0.440395 1.009386 0.209689 -0.280795 0.353445 0.191195 -0.300187
14 0.095528 -1.793468 0.175481 -1.603670 0.884312 0.393452 0.264586 0.375428 0.973899 0.527213 -1.278813 0.452588 -0.454704 0.988167
3 -0.161912 -0.113550 1.355487 -0.260189 0.016234 -0.156555 -0.289536 -0.114465 0.204856 -0.186567 -0.341480 0.360562 -0.475303 0.162416
4 -0.311028 -0.954300 -0.734300 2.218932 0.902432 0.134203 -0.716876 0.346908 -0.253084 -0.291444 -0.536711 0.582150 -0.060263 -0.326620
14 -0.120478 -0.129796 0.200673 0.782514 -0.390950 0.206254 -0.091258 -0.045100 -0.407055 -0.174820 -0.362167 -0.417801 0.061989 0.887995
14 0.090738 -0.521166 -0.292667 0.448305 -0.055909 -0.696879 1.404776 0.113264 -0.467284 0.190884 -0.711463 -1.090916 -0.169957 1.758273
14 0.375058 -0.733715 -0.094595 0.120873 -0.895176 0.053342 -0.049509 -0.220551 -0.491771 0.539004 0.051314 -0.286917 0.399844 1.232800
4 -0.064241 -0.906317 0.086836 3.263654 -0.043917 -0.741399 -0.783436 -0.967284 0.527042 0.325143 -0.461606 0.064669 0.411155 -0.710297
6 -0.085284 -0.658868 0.280076 -0.953591 -0.050817 1.537750 -0.492672 -0.441444 0.236826 0.660767 -0.864794 -0.189987 0.986514 0.035523
